mix deps.get
Resolving Hex dependencies...
Dependency resolution completed:
Unchanged:
  poison 3.1.0
All dependencies are up to date
mix compile

====RUNNNING WITH CONFIG====
%{append_entries_timeout: 10, client_requests: 100, client_sleep: 5, client_stop: 60000, client_timeout: 500, debug_level: 30, disasters: [%{id: 0, ref: "a", t: 500, type: "timeout"}, %{id: "a", t: 1000, type: "offline"}, %{id: 1, ref: "b", t: 1010, type: "timeout"}, %{id: "b", t: 1500, type: "offline"}, %{id: 2, ref: "c", t: 1510, type: "timeout"}, %{id: "c", t: 2000, type: "offline"}, %{id: "b", t: 2100, type: "online"}], election_timeout: 100, max_amount: 1000, max_time: 15000, monitorP: #PID<0.178.0>, n_accounts: 100, n_clients: 2, n_servers: 5, node_suffix: "13_jc5616@127.0.0.1", print_after: 1000, raftP: #PID<0.98.0>, show_role_switch: false, show_server: false, start_function: :multi_node_start}
====   CONFIG    END   ====

15:57:17.505412: 2_LEADER@1: switched to LEADER
Disaster reference name %{"leader" => 1}
Disaster reference name %{"a" => 0, "leader" => 1}
15:57:17.725222: 2_FOLLOWER@0: AFFECTED BY timeout
15:57:17.743824: 3_LEADER@0: switched to LEADER
Disaster reference name %{"a" => 0, "leader" => 0}

15:57:17.796 [error] Process #PID<0.178.0> on node :"raft_13_jc5616@127.0.0.1" raised an exception
** (RuntimeError) HALT: monitor:  ** error DATEBASE@1 .1 [539,80,60] = log 1/2 [898,20,16]
    (raft 0.1.0) lib/monitor.ex:62: Monitor.halt/1
    (raft 0.1.0) lib/monitor.ex:128: Monitor.next/1
Disaster reference name %{"a" => 0, "leader" => 0}
15:57:18.217885: 3_LEADER@0: AFFECTED BY offline
Disaster reference name %{"a" => 0, "b" => 1, "leader" => 0}
15:57:18.231350: 3_FOLLOWER@1: AFFECTED BY timeout
15:57:18.232847: 4_LEADER@1: switched to LEADER
Disaster reference name %{"a" => 0, "b" => 1, "leader" => 1}
15:57:18.260251: CLIENT 1: expecting {1, 43} reply, get {1, 42}
Disaster reference name %{"a" => 0, "b" => 1, "leader" => 1}
15:57:18.717692: 4_LEADER@1: AFFECTED BY offline
Disaster reference name %{"a" => 0, "b" => 1, "c" => 2, "leader" => 1}
15:57:18.733308: 4_FOLLOWER@2: AFFECTED BY timeout
15:57:18.743356: 5_LEADER@2: switched to LEADER
Disaster reference name %{"a" => 0, "b" => 1, "c" => 2, "leader" => 2}
Disaster reference name %{"a" => 0, "b" => 1, "c" => 2, "leader" => 2}
15:57:19.217701: 5_LEADER@2: AFFECTED BY offline
15:57:19.217887: CLIENT 1: expecting {1, 64} reply, get {1, 63}
Disaster reference name %{"a" => 0, "b" => 1, "c" => 2, "leader" => 2}
15:57:19.317494: 4_LEADER@1: AFFECTED BY online
15:57:19.317746: 4_LEADER@1: switched to LEADER
Disaster reference name %{"a" => 0, "b" => 1, "c" => 2, "leader" => 1}
15:57:19.393162: 6_LEADER@3: switched to LEADER
Disaster reference name %{"a" => 0, "b" => 1, "c" => 2, "leader" => 3}
15:57:19.718957: CLIENT 1: expecting {1, 65} reply, get {1, 63}
15:57:19.719552: CLIENT 1: expecting {1, 65} reply, get {1, 64}
15:57:19.729814: CLIENT 1: expecting {1, 66} reply, get {1, 65}
15:57:19.752242: CLIENT 1: expecting {1, 67} reply, get {1, 66}
15:57:19.763275: CLIENT 1: expecting {1, 68} reply, get {1, 67}
15:57:19.785054: CLIENT 1: expecting {1, 69} reply, get {1, 68}
15:57:19.795950: CLIENT 1: expecting {1, 70} reply, get {1, 69}
15:57:19.818172: CLIENT 1: expecting {1, 71} reply, get {1, 70}
15:57:19.828905: CLIENT 1: expecting {1, 72} reply, get {1, 71}
15:57:19.851300: CLIENT 1: expecting {1, 73} reply, get {1, 72}
15:57:19.861773: CLIENT 1: expecting {1, 74} reply, get {1, 73}
15:57:19.883912: CLIENT 1: expecting {1, 75} reply, get {1, 74}
15:57:19.895324: CLIENT 1: expecting {1, 76} reply, get {1, 75}
15:57:19.916973: CLIENT 1: expecting {1, 77} reply, get {1, 76}
15:57:19.928028: CLIENT 1: expecting {1, 78} reply, get {1, 77}
15:57:19.950174: CLIENT 1: expecting {1, 79} reply, get {1, 78}
15:57:19.960901: CLIENT 1: expecting {1, 80} reply, get {1, 79}
15:57:19.983162: CLIENT 1: expecting {1, 81} reply, get {1, 80}
15:57:19.993830: CLIENT 1: expecting {1, 82} reply, get {1, 81}
15:57:20.016592: CLIENT 1: expecting {1, 83} reply, get {1, 82}
15:57:20.027289: CLIENT 1: expecting {1, 84} reply, get {1, 83}
15:57:20.049036: CLIENT 1: expecting {1, 85} reply, get {1, 84}
15:57:20.060326: CLIENT 1: expecting {1, 86} reply, get {1, 85}
15:57:20.081977: CLIENT 1: expecting {1, 87} reply, get {1, 86}
15:57:20.092883: CLIENT 1: expecting {1, 88} reply, get {1, 87}
15:57:20.115219: CLIENT 1: expecting {1, 89} reply, get {1, 88}
15:57:20.126079: CLIENT 1: expecting {1, 90} reply, get {1, 89}
15:57:20.148391: CLIENT 1: expecting {1, 91} reply, get {1, 90}
15:57:20.159253: CLIENT 1: expecting {1, 92} reply, get {1, 91}
15:57:20.180879: CLIENT 1: expecting {1, 93} reply, get {1, 92}
15:57:20.191930: CLIENT 1: expecting {1, 94} reply, get {1, 93}
15:57:20.214024: CLIENT 1: expecting {1, 95} reply, get {1, 94}
15:57:20.225062: CLIENT 1: expecting {1, 96} reply, get {1, 95}
15:57:20.247261: CLIENT 1: expecting {1, 97} reply, get {1, 96}
15:57:20.258045: CLIENT 1: expecting {1, 98} reply, get {1, 97}
15:57:20.280432: CLIENT 1: expecting {1, 99} reply, get {1, 98}
15:57:20.291312: CLIENT 1: expecting {1, 100} reply, get {1, 99}
HALT: monitor: Client 1 going to sleep, sent = 100
HALT: monitor: Client 0 going to sleep, sent = 100
Exiting server0_13_jc5616@127.0.0.1
Exiting server3_13_jc5616@127.0.0.1
Exiting server1_13_jc5616@127.0.0.1
Exiting server4_13_jc5616@127.0.0.1
Exiting server2_13_jc5616@127.0.0.1
Exiting raft_13_jc5616@127.0.0.1
