mix deps.get
Resolving Hex dependencies...
Dependency resolution completed:
Unchanged:
  poison 3.1.0
All dependencies are up to date
mix compile

====RUNNNING WITH CONFIG====
%{append_entries_timeout: 10, client_requests: 10, client_sleep: 5, client_stop: 60000, client_timeout: 500, debug_level: 20, disasters: [], election_timeout: 100, max_amount: 1000, max_time: 10000, monitorP: #PID<0.179.0>, n_accounts: 100, n_clients: 2, n_servers: 5, node_suffix: "42_ben@127.0.0.1", print_after: 2000, raftP: #PID<0.99.0>, show_server: true, start_function: :multi_node_start}
====   CONFIG    END   ====

18:31:47.091739: 0_FOLLOWER@3: ignore client request while dont know leader
18:31:47.095119: 0_FOLLOWER@2: ignore client request while dont know leader
Disaster reference name %{"leader" => 1}
HALT: monitor: Client 0 going to sleep, sent = 10
HALT: monitor: Client 1 going to sleep, sent = 10
time = 2000      db updates done = [{0, 20}, {1, 20}, {2, 20}, {3, 20}, {4, 20}]
time = 2000 client requests seen = [{1, 20}], (when the node was leader)
time = 2000        server roles  = %{0 => {1, :FOLLOWER}, 1 => {1, :LEADER}, 2 => {1, :FOLLOWER}, 3 => {1, :FOLLOWER}, 4 => {1, :FOLLOWER}}
time = 2000           total seen = 20 max lag = 0
1_FOLLOWER@0: commitIdx: 20, appliedIdx: 20, log(uid): [{0, 1}, {1, 1}, {0, 2}, {1, 2}, {0, 3}, {1, 3}, {0, 4}, {1, 4}, {0, 5}, {1, 5}, {0, 6}, {1, 6}, {0, 7}, {1, 7}, {0, 8}, {1, 8}, {0, 9}, {1, 9}, {0, 10}, {1, 10}]  
1_FOLLOWER@3: commitIdx: 20, appliedIdx: 20, log(uid): [{0, 1}, {1, 1}, {0, 2}, {1, 2}, {0, 3}, {1, 3}, {0, 4}, {1, 4}, {0, 5}, {1, 5}, {0, 6}, {1, 6}, {0, 7}, {1, 7}, {0, 8}, {1, 8}, {0, 9}, {1, 9}, {0, 10}, {1, 10}]  
1_FOLLOWER@2: commitIdx: 20, appliedIdx: 20, log(uid): [{0, 1}, {1, 1}, {0, 2}, {1, 2}, {0, 3}, {1, 3}, {0, 4}, {1, 4}, {0, 5}, {1, 5}, {0, 6}, {1, 6}, {0, 7}, {1, 7}, {0, 8}, {1, 8}, {0, 9}, {1, 9}, {0, 10}, {1, 10}]  
1_FOLLOWER@4: commitIdx: 20, appliedIdx: 20, log(uid): [{0, 1}, {1, 1}, {0, 2}, {1, 2}, {0, 3}, {1, 3}, {0, 4}, {1, 4}, {0, 5}, {1, 5}, {0, 6}, {1, 6}, {0, 7}, {1, 7}, {0, 8}, {1, 8}, {0, 9}, {1, 9}, {0, 10}, {1, 10}]  
DATABASE@0, seqnum: 20, balances: %{48 => 743, 62 => -1038, 26 => -166, 52 => -645, 15 => -185, 75 => 1341, 20 => 645, 65 => 587, 13 => 757, 99 => 94, 36 => 522, 76 => -521, 69 => -929, 37 => -743, 94 => 974, 41 => 1359, 42 => 929, 60 => -1471, 43 => 175, 10 => 381, 9 => 166, 95 => 880, 57 => -757, 51 => -522, 18 => 785, 22 => 236, 97 => -196, 90 => -785, 58 => -175, 88 => -587, 23 => -974, 92 => 521, 38 => -521, 12 => -880}
DATABASE@2, seqnum: 20, balances: %{48 => 743, 62 => -1038, 26 => -166, 52 => -645, 15 => -185, 75 => 1341, 20 => 645, 65 => 587, 13 => 757, 99 => 94, 36 => 522, 76 => -521, 69 => -929, 37 => -743, 94 => 974, 41 => 1359, 42 => 929, 60 => -1471, 43 => 175, 10 => 381, 9 => 166, 95 => 880, 57 => -757, 51 => -522, 18 => 785, 22 => 236, 97 => -196, 90 => -785, 58 => -175, 88 => -587, 23 => -974, 92 => 521, 38 => -521, 12 => -880}
DATABASE@3, seqnum: 20, balances: %{48 => 743, 62 => -1038, 26 => -166, 52 => -645, 15 => -185, 75 => 1341, 20 => 645, 65 => 587, 13 => 757, 99 => 94, 36 => 522, 76 => -521, 69 => -929, 37 => -743, 94 => 974, 41 => 1359, 42 => 929, 60 => -1471, 43 => 175, 10 => 381, 9 => 166, 95 => 880, 57 => -757, 51 => -522, 18 => 785, 22 => 236, 97 => -196, 90 => -785, 58 => -175, 88 => -587, 23 => -974, 92 => 521, 38 => -521, 12 => -880}
DATABASE@4, seqnum: 20, balances: %{48 => 743, 62 => -1038, 26 => -166, 52 => -645, 15 => -185, 75 => 1341, 20 => 645, 65 => 587, 13 => 757, 99 => 94, 36 => 522, 76 => -521, 69 => -929, 37 => -743, 94 => 974, 41 => 1359, 42 => 929, 60 => -1471, 43 => 175, 10 => 381, 9 => 166, 95 => 880, 57 => -757, 51 => -522, 18 => 785, 22 => 236, 97 => -196, 90 => -785, 58 => -175, 88 => -587, 23 => -974, 92 => 521, 38 => -521, 12 => -880}
1_LEADER@1: commitIdx: 20, appliedIdx: 20, log(uid): [{0, 1}, {1, 1}, {0, 2}, {1, 2}, {0, 3}, {1, 3}, {0, 4}, {1, 4}, {0, 5}, {1, 5}, {0, 6}, {1, 6}, {0, 7}, {1, 7}, {0, 8}, {1, 8}, {0, 9}, {1, 9}, {0, 10}, {1, 10}] nextIdx: {21, 21, 21, 21, 21}, matchIdx: {20, 20, 20, 20, 20}, 
DATABASE@1, seqnum: 20, balances: %{48 => 743, 62 => -1038, 26 => -166, 52 => -645, 15 => -185, 75 => 1341, 20 => 645, 65 => 587, 13 => 757, 99 => 94, 36 => 522, 76 => -521, 69 => -929, 37 => -743, 94 => 974, 41 => 1359, 42 => 929, 60 => -1471, 43 => 175, 10 => 381, 9 => 166, 95 => 880, 57 => -757, 51 => -522, 18 => 785, 22 => 236, 97 => -196, 90 => -785, 58 => -175, 88 => -587, 23 => -974, 92 => 521, 38 => -521, 12 => -880}
time = 4000      db updates done = [{0, 20}, {1, 20}, {2, 20}, {3, 20}, {4, 20}]
time = 4000 client requests seen = [{1, 20}], (when the node was leader)
time = 4000        server roles  = %{0 => {1, :FOLLOWER}, 1 => {1, :LEADER}, 2 => {1, :FOLLOWER}, 3 => {1, :FOLLOWER}, 4 => {1, :FOLLOWER}}
time = 4000           total seen = 20 max lag = 0
1_FOLLOWER@0: commitIdx: 20, appliedIdx: 20, log(uid): [{0, 1}, {1, 1}, {0, 2}, {1, 2}, {0, 3}, {1, 3}, {0, 4}, {1, 4}, {0, 5}, {1, 5}, {0, 6}, {1, 6}, {0, 7}, {1, 7}, {0, 8}, {1, 8}, {0, 9}, {1, 9}, {0, 10}, {1, 10}]  
1_FOLLOWER@2: commitIdx: 20, appliedIdx: 20, log(uid): [{0, 1}, {1, 1}, {0, 2}, {1, 2}, {0, 3}, {1, 3}, {0, 4}, {1, 4}, {0, 5}, {1, 5}, {0, 6}, {1, 6}, {0, 7}, {1, 7}, {0, 8}, {1, 8}, {0, 9}, {1, 9}, {0, 10}, {1, 10}]  
1_LEADER@1: commitIdx: 20, appliedIdx: 20, log(uid): [{0, 1}, {1, 1}, {0, 2}, {1, 2}, {0, 3}, {1, 3}, {0, 4}, {1, 4}, {0, 5}, {1, 5}, {0, 6}, {1, 6}, {0, 7}, {1, 7}, {0, 8}, {1, 8}, {0, 9}, {1, 9}, {0, 10}, {1, 10}] nextIdx: {21, 21, 21, 21, 21}, matchIdx: {20, 20, 20, 20, 20}, 
1_FOLLOWER@3: commitIdx: 20, appliedIdx: 20, log(uid): [{0, 1}, {1, 1}, {0, 2}, {1, 2}, {0, 3}, {1, 3}, {0, 4}, {1, 4}, {0, 5}, {1, 5}, {0, 6}, {1, 6}, {0, 7}, {1, 7}, {0, 8}, {1, 8}, {0, 9}, {1, 9}, {0, 10}, {1, 10}]  
1_FOLLOWER@4: commitIdx: 20, appliedIdx: 20, log(uid): [{0, 1}, {1, 1}, {0, 2}, {1, 2}, {0, 3}, {1, 3}, {0, 4}, {1, 4}, {0, 5}, {1, 5}, {0, 6}, {1, 6}, {0, 7}, {1, 7}, {0, 8}, {1, 8}, {0, 9}, {1, 9}, {0, 10}, {1, 10}]  
DATABASE@0, seqnum: 20, balances: %{48 => 743, 62 => -1038, 26 => -166, 52 => -645, 15 => -185, 75 => 1341, 20 => 645, 65 => 587, 13 => 757, 99 => 94, 36 => 522, 76 => -521, 69 => -929, 37 => -743, 94 => 974, 41 => 1359, 42 => 929, 60 => -1471, 43 => 175, 10 => 381, 9 => 166, 95 => 880, 57 => -757, 51 => -522, 18 => 785, 22 => 236, 97 => -196, 90 => -785, 58 => -175, 88 => -587, 23 => -974, 92 => 521, 38 => -521, 12 => -880}
DATABASE@2, seqnum: 20, balances: %{48 => 743, 62 => -1038, 26 => -166, 52 => -645, 15 => -185, 75 => 1341, 20 => 645, 65 => 587, 13 => 757, 99 => 94, 36 => 522, 76 => -521, 69 => -929, 37 => -743, 94 => 974, 41 => 1359, 42 => 929, 60 => -1471, 43 => 175, 10 => 381, 9 => 166, 95 => 880, 57 => -757, 51 => -522, 18 => 785, 22 => 236, 97 => -196, 90 => -785, 58 => -175, 88 => -587, 23 => -974, 92 => 521, 38 => -521, 12 => -880}
DATABASE@1, seqnum: 20, balances: %{48 => 743, 62 => -1038, 26 => -166, 52 => -645, 15 => -185, 75 => 1341, 20 => 645, 65 => 587, 13 => 757, 99 => 94, 36 => 522, 76 => -521, 69 => -929, 37 => -743, 94 => 974, 41 => 1359, 42 => 929, 60 => -1471, 43 => 175, 10 => 381, 9 => 166, 95 => 880, 57 => -757, 51 => -522, 18 => 785, 22 => 236, 97 => -196, 90 => -785, 58 => -175, 88 => -587, 23 => -974, 92 => 521, 38 => -521, 12 => -880}
DATABASE@3, seqnum: 20, balances: %{48 => 743, 62 => -1038, 26 => -166, 52 => -645, 15 => -185, 75 => 1341, 20 => 645, 65 => 587, 13 => 757, 99 => 94, 36 => 522, 76 => -521, 69 => -929, 37 => -743, 94 => 974, 41 => 1359, 42 => 929, 60 => -1471, 43 => 175, 10 => 381, 9 => 166, 95 => 880, 57 => -757, 51 => -522, 18 => 785, 22 => 236, 97 => -196, 90 => -785, 58 => -175, 88 => -587, 23 => -974, 92 => 521, 38 => -521, 12 => -880}
DATABASE@4, seqnum: 20, balances: %{48 => 743, 62 => -1038, 26 => -166, 52 => -645, 15 => -185, 75 => 1341, 20 => 645, 65 => 587, 13 => 757, 99 => 94, 36 => 522, 76 => -521, 69 => -929, 37 => -743, 94 => 974, 41 => 1359, 42 => 929, 60 => -1471, 43 => 175, 10 => 381, 9 => 166, 95 => 880, 57 => -757, 51 => -522, 18 => 785, 22 => 236, 97 => -196, 90 => -785, 58 => -175, 88 => -587, 23 => -974, 92 => 521, 38 => -521, 12 => -880}
time = 6000      db updates done = [{0, 20}, {1, 20}, {2, 20}, {3, 20}, {4, 20}]
time = 6000 client requests seen = [{1, 20}], (when the node was leader)
time = 6000        server roles  = %{0 => {1, :FOLLOWER}, 1 => {1, :LEADER}, 2 => {1, :FOLLOWER}, 3 => {1, :FOLLOWER}, 4 => {1, :FOLLOWER}}
time = 6000           total seen = 20 max lag = 0
1_FOLLOWER@0: commitIdx: 20, appliedIdx: 20, log(uid): [{0, 1}, {1, 1}, {0, 2}, {1, 2}, {0, 3}, {1, 3}, {0, 4}, {1, 4}, {0, 5}, {1, 5}, {0, 6}, {1, 6}, {0, 7}, {1, 7}, {0, 8}, {1, 8}, {0, 9}, {1, 9}, {0, 10}, {1, 10}]  
1_LEADER@1: commitIdx: 20, appliedIdx: 20, log(uid): [{0, 1}, {1, 1}, {0, 2}, {1, 2}, {0, 3}, {1, 3}, {0, 4}, {1, 4}, {0, 5}, {1, 5}, {0, 6}, {1, 6}, {0, 7}, {1, 7}, {0, 8}, {1, 8}, {0, 9}, {1, 9}, {0, 10}, {1, 10}] nextIdx: {21, 21, 21, 21, 21}, matchIdx: {20, 20, 20, 20, 20}, 
1_FOLLOWER@2: commitIdx: 20, appliedIdx: 20, log(uid): [{0, 1}, {1, 1}, {0, 2}, {1, 2}, {0, 3}, {1, 3}, {0, 4}, {1, 4}, {0, 5}, {1, 5}, {0, 6}, {1, 6}, {0, 7}, {1, 7}, {0, 8}, {1, 8}, {0, 9}, {1, 9}, {0, 10}, {1, 10}]  
1_FOLLOWER@3: commitIdx: 20, appliedIdx: 20, log(uid): [{0, 1}, {1, 1}, {0, 2}, {1, 2}, {0, 3}, {1, 3}, {0, 4}, {1, 4}, {0, 5}, {1, 5}, {0, 6}, {1, 6}, {0, 7}, {1, 7}, {0, 8}, {1, 8}, {0, 9}, {1, 9}, {0, 10}, {1, 10}]  
1_FOLLOWER@4: commitIdx: 20, appliedIdx: 20, log(uid): [{0, 1}, {1, 1}, {0, 2}, {1, 2}, {0, 3}, {1, 3}, {0, 4}, {1, 4}, {0, 5}, {1, 5}, {0, 6}, {1, 6}, {0, 7}, {1, 7}, {0, 8}, {1, 8}, {0, 9}, {1, 9}, {0, 10}, {1, 10}]  
DATABASE@0, seqnum: 20, balances: %{48 => 743, 62 => -1038, 26 => -166, 52 => -645, 15 => -185, 75 => 1341, 20 => 645, 65 => 587, 13 => 757, 99 => 94, 36 => 522, 76 => -521, 69 => -929, 37 => -743, 94 => 974, 41 => 1359, 42 => 929, 60 => -1471, 43 => 175, 10 => 381, 9 => 166, 95 => 880, 57 => -757, 51 => -522, 18 => 785, 22 => 236, 97 => -196, 90 => -785, 58 => -175, 88 => -587, 23 => -974, 92 => 521, 38 => -521, 12 => -880}
DATABASE@1, seqnum: 20, balances: %{48 => 743, 62 => -1038, 26 => -166, 52 => -645, 15 => -185, 75 => 1341, 20 => 645, 65 => 587, 13 => 757, 99 => 94, 36 => 522, 76 => -521, 69 => -929, 37 => -743, 94 => 974, 41 => 1359, 42 => 929, 60 => -1471, 43 => 175, 10 => 381, 9 => 166, 95 => 880, 57 => -757, 51 => -522, 18 => 785, 22 => 236, 97 => -196, 90 => -785, 58 => -175, 88 => -587, 23 => -974, 92 => 521, 38 => -521, 12 => -880}
DATABASE@2, seqnum: 20, balances: %{48 => 743, 62 => -1038, 26 => -166, 52 => -645, 15 => -185, 75 => 1341, 20 => 645, 65 => 587, 13 => 757, 99 => 94, 36 => 522, 76 => -521, 69 => -929, 37 => -743, 94 => 974, 41 => 1359, 42 => 929, 60 => -1471, 43 => 175, 10 => 381, 9 => 166, 95 => 880, 57 => -757, 51 => -522, 18 => 785, 22 => 236, 97 => -196, 90 => -785, 58 => -175, 88 => -587, 23 => -974, 92 => 521, 38 => -521, 12 => -880}
DATABASE@3, seqnum: 20, balances: %{48 => 743, 62 => -1038, 26 => -166, 52 => -645, 15 => -185, 75 => 1341, 20 => 645, 65 => 587, 13 => 757, 99 => 94, 36 => 522, 76 => -521, 69 => -929, 37 => -743, 94 => 974, 41 => 1359, 42 => 929, 60 => -1471, 43 => 175, 10 => 381, 9 => 166, 95 => 880, 57 => -757, 51 => -522, 18 => 785, 22 => 236, 97 => -196, 90 => -785, 58 => -175, 88 => -587, 23 => -974, 92 => 521, 38 => -521, 12 => -880}
DATABASE@4, seqnum: 20, balances: %{48 => 743, 62 => -1038, 26 => -166, 52 => -645, 15 => -185, 75 => 1341, 20 => 645, 65 => 587, 13 => 757, 99 => 94, 36 => 522, 76 => -521, 69 => -929, 37 => -743, 94 => 974, 41 => 1359, 42 => 929, 60 => -1471, 43 => 175, 10 => 381, 9 => 166, 95 => 880, 57 => -757, 51 => -522, 18 => 785, 22 => 236, 97 => -196, 90 => -785, 58 => -175, 88 => -587, 23 => -974, 92 => 521, 38 => -521, 12 => -880}
time = 8000      db updates done = [{0, 20}, {1, 20}, {2, 20}, {3, 20}, {4, 20}]
time = 8000 client requests seen = [{1, 20}], (when the node was leader)
time = 8000        server roles  = %{0 => {1, :FOLLOWER}, 1 => {1, :LEADER}, 2 => {1, :FOLLOWER}, 3 => {1, :FOLLOWER}, 4 => {1, :FOLLOWER}}
time = 8000           total seen = 20 max lag = 0
1_FOLLOWER@0: commitIdx: 20, appliedIdx: 20, log(uid): [{0, 1}, {1, 1}, {0, 2}, {1, 2}, {0, 3}, {1, 3}, {0, 4}, {1, 4}, {0, 5}, {1, 5}, {0, 6}, {1, 6}, {0, 7}, {1, 7}, {0, 8}, {1, 8}, {0, 9}, {1, 9}, {0, 10}, {1, 10}]  
1_FOLLOWER@2: commitIdx: 20, appliedIdx: 20, log(uid): [{0, 1}, {1, 1}, {0, 2}, {1, 2}, {0, 3}, {1, 3}, {0, 4}, {1, 4}, {0, 5}, {1, 5}, {0, 6}, {1, 6}, {0, 7}, {1, 7}, {0, 8}, {1, 8}, {0, 9}, {1, 9}, {0, 10}, {1, 10}]  
1_FOLLOWER@4: commitIdx: 20, appliedIdx: 20, log(uid): [{0, 1}, {1, 1}, {0, 2}, {1, 2}, {0, 3}, {1, 3}, {0, 4}, {1, 4}, {0, 5}, {1, 5}, {0, 6}, {1, 6}, {0, 7}, {1, 7}, {0, 8}, {1, 8}, {0, 9}, {1, 9}, {0, 10}, {1, 10}]  
1_LEADER@1: commitIdx: 20, appliedIdx: 20, log(uid): [{0, 1}, {1, 1}, {0, 2}, {1, 2}, {0, 3}, {1, 3}, {0, 4}, {1, 4}, {0, 5}, {1, 5}, {0, 6}, {1, 6}, {0, 7}, {1, 7}, {0, 8}, {1, 8}, {0, 9}, {1, 9}, {0, 10}, {1, 10}] nextIdx: {21, 21, 21, 21, 21}, matchIdx: {20, 20, 20, 20, 20}, 
DATABASE@2, seqnum: 20, balances: %{48 => 743, 62 => -1038, 26 => -166, 52 => -645, 15 => -185, 75 => 1341, 20 => 645, 65 => 587, 13 => 757, 99 => 94, 36 => 522, 76 => -521, 69 => -929, 37 => -743, 94 => 974, 41 => 1359, 42 => 929, 60 => -1471, 43 => 175, 10 => 381, 9 => 166, 95 => 880, 57 => -757, 51 => -522, 18 => 785, 22 => 236, 97 => -196, 90 => -785, 58 => -175, 88 => -587, 23 => -974, 92 => 521, 38 => -521, 12 => -880}
1_FOLLOWER@3: commitIdx: 20, appliedIdx: 20, log(uid): [{0, 1}, {1, 1}, {0, 2}, {1, 2}, {0, 3}, {1, 3}, {0, 4}, {1, 4}, {0, 5}, {1, 5}, {0, 6}, {1, 6}, {0, 7}, {1, 7}, {0, 8}, {1, 8}, {0, 9}, {1, 9}, {0, 10}, {1, 10}]  
DATABASE@1, seqnum: 20, balances: %{48 => 743, 62 => -1038, 26 => -166, 52 => -645, 15 => -185, 75 => 1341, 20 => 645, 65 => 587, 13 => 757, 99 => 94, 36 => 522, 76 => -521, 69 => -929, 37 => -743, 94 => 974, 41 => 1359, 42 => 929, 60 => -1471, 43 => 175, 10 => 381, 9 => 166, 95 => 880, 57 => -757, 51 => -522, 18 => 785, 22 => 236, 97 => -196, 90 => -785, 58 => -175, 88 => -587, 23 => -974, 92 => 521, 38 => -521, 12 => -880}
DATABASE@0, seqnum: 20, balances: %{48 => 743, 62 => -1038, 26 => -166, 52 => -645, 15 => -185, 75 => 1341, 20 => 645, 65 => 587, 13 => 757, 99 => 94, 36 => 522, 76 => -521, 69 => -929, 37 => -743, 94 => 974, 41 => 1359, 42 => 929, 60 => -1471, 43 => 175, 10 => 381, 9 => 166, 95 => 880, 57 => -757, 51 => -522, 18 => 785, 22 => 236, 97 => -196, 90 => -785, 58 => -175, 88 => -587, 23 => -974, 92 => 521, 38 => -521, 12 => -880}
DATABASE@4, seqnum: 20, balances: %{48 => 743, 62 => -1038, 26 => -166, 52 => -645, 15 => -185, 75 => 1341, 20 => 645, 65 => 587, 13 => 757, 99 => 94, 36 => 522, 76 => -521, 69 => -929, 37 => -743, 94 => 974, 41 => 1359, 42 => 929, 60 => -1471, 43 => 175, 10 => 381, 9 => 166, 95 => 880, 57 => -757, 51 => -522, 18 => 785, 22 => 236, 97 => -196, 90 => -785, 58 => -175, 88 => -587, 23 => -974, 92 => 521, 38 => -521, 12 => -880}
DATABASE@3, seqnum: 20, balances: %{48 => 743, 62 => -1038, 26 => -166, 52 => -645, 15 => -185, 75 => 1341, 20 => 645, 65 => 587, 13 => 757, 99 => 94, 36 => 522, 76 => -521, 69 => -929, 37 => -743, 94 => 974, 41 => 1359, 42 => 929, 60 => -1471, 43 => 175, 10 => 381, 9 => 166, 95 => 880, 57 => -757, 51 => -522, 18 => 785, 22 => 236, 97 => -196, 90 => -785, 58 => -175, 88 => -587, 23 => -974, 92 => 521, 38 => -521, 12 => -880}
Exiting server3_42_ben@127.0.0.1
Exiting server0_42_ben@127.0.0.1
Exiting server4_42_ben@127.0.0.1
Exiting server2_42_ben@127.0.0.1
Exiting server1_42_ben@127.0.0.1
Exiting raft_42_ben@127.0.0.1
time = 10000      db updates done = [{0, 20}, {1, 20}, {2, 20}, {3, 20}, {4, 20}]
time = 10000 client requests seen = [{1, 20}], (when the node was leader)
time = 10000        server roles  = %{0 => {1, :FOLLOWER}, 1 => {1, :LEADER}, 2 => {1, :FOLLOWER}, 3 => {1, :FOLLOWER}, 4 => {1, :FOLLOWER}}
time = 10000           total seen = 20 max lag = 0
