mix deps.get
Resolving Hex dependencies...
Dependency resolution completed:
Unchanged:
  poison 3.1.0
All dependencies are up to date
mix compile

====RUNNNING WITH CONFIG====
%{append_entries_timeout: 10, client_requests: 100, client_sleep: 5, client_stop: 60000, client_timeout: 500, debug_level: 10, disasters: [%{id: 0, ref: "a", t: 0, type: "timeout"}, %{id: "a", t: 500, type: "offline"}, %{id: 1, ref: "b", t: 510, type: "timeout"}, %{id: "b", t: 1000, type: "offline"}, %{id: 2, ref: "c", t: 1010, type: "timeout"}, %{id: "c", t: 1500, type: "offline"}, %{id: "a", t: 1600, type: "online"}], election_timeout: 100, max_amount: 1000, max_time: 6000, monitorP: #PID<0.178.0>, n_accounts: 100, n_clients: 2, n_servers: 5, node_suffix: "04_jc5616@127.0.0.1", print_after: 500, raftP: #PID<0.98.0>, show_role_switch: false, show_server: true, start_function: :multi_node_start}
====   CONFIG    END   ====

Disaster reference name %{"a" => 0, "leader" => nil}
00:08:07.840653: 0_FOLLOWER@0: AFFECTED BY timeout
00:08:07.843443: 1_CANDIDATE@0: vote request from 0, true,  -> 0
00:08:07.863073: CLIENT 1: send to server: {:CLIENT_REQUEST, %{clientP: #PID<0.182.0>, cmd: {:move, 133, 57, 46}, uid: {1, 1}}}
00:08:07.865648: 0_FOLLOWER@4: Higher term found {:VOTE_REQUEST, %{candidateId: 0, lastLogIndex: 0, lastLogTerm: 0, term: 1}}
00:08:07.868149: 1_FOLLOWER@4: give will: {:VOTE_REQUEST, %{candidateId: 0, lastLogIndex: 0, lastLogTerm: 0, term: 1}}
00:08:07.868322: 1_FOLLOWER@4: vote request from 0, true,  -> 0
00:08:07.868528: 0_FOLLOWER@1: Higher term found {:VOTE_REQUEST, %{candidateId: 0, lastLogIndex: 0, lastLogTerm: 0, term: 1}}
00:08:07.871831: 1_FOLLOWER@1: give will: {:VOTE_REQUEST, %{candidateId: 0, lastLogIndex: 0, lastLogTerm: 0, term: 1}}
00:08:07.872465: 1_FOLLOWER@1: vote request from 0, true,  -> 0
00:08:07.869114: CLIENT 0: send to server: {:CLIENT_REQUEST, %{clientP: #PID<0.182.0>, cmd: {:move, 230, 77, 92}, uid: {0, 1}}}
00:08:07.870225: 0_FOLLOWER@2: Higher term found {:VOTE_REQUEST, %{candidateId: 0, lastLogIndex: 0, lastLogTerm: 0, term: 1}}
00:08:07.872896: 1_FOLLOWER@2: give will: {:VOTE_REQUEST, %{candidateId: 0, lastLogIndex: 0, lastLogTerm: 0, term: 1}}
00:08:07.873090: 1_FOLLOWER@2: vote request from 0, true,  -> 0
00:08:07.876755: 1_LEADER@0: switched to LEADER
Disaster reference name %{"a" => 0, "leader" => 0}
00:08:07.876663: 0_FOLLOWER@3: Higher term found {:VOTE_REQUEST, %{candidateId: 0, lastLogIndex: 0, lastLogTerm: 0, term: 1}}
00:08:07.881772: 1_FOLLOWER@3: give will: {:VOTE_REQUEST, %{candidateId: 0, lastLogIndex: 0, lastLogTerm: 0, term: 1}}
00:08:07.881887: 1_FOLLOWER@3: vote request from 0, true,  -> 0
00:08:07.882232: 1_LEADER@0: send client confirmation {1, 1}
00:08:07.882779: 1_FOLLOWER@3: accept %{entries: [%{clientP: #PID<17858.182.0>, cmd: {:move, 133, 57, 46}, uid: {1, 1}}], leaderCommit: 0, leaderId: 0, prevLogIndex: 0, prevLogTerm: 0, term: 1}
00:08:07.883109: 1_FOLLOWER@4: accept %{entries: [%{clientP: #PID<17858.182.0>, cmd: {:move, 133, 57, 46}, uid: {1, 1}}], leaderCommit: 0, leaderId: 0, prevLogIndex: 0, prevLogTerm: 0, term: 1}
00:08:07.883148: 1_FOLLOWER@2: accept %{entries: [%{clientP: #PID<17858.182.0>, cmd: {:move, 133, 57, 46}, uid: {1, 1}}], leaderCommit: 0, leaderId: 0, prevLogIndex: 0, prevLogTerm: 0, term: 1}
00:08:07.883527: 1_FOLLOWER@1: accept %{entries: [%{clientP: #PID<17858.182.0>, cmd: {:move, 133, 57, 46}, uid: {1, 1}}], leaderCommit: 0, leaderId: 0, prevLogIndex: 0, prevLogTerm: 0, term: 1}
00:08:07.887612: CLIENT 1: send to server: {:CLIENT_REQUEST, %{clientP: #PID<0.182.0>, cmd: {:move, 809, 97, 82}, uid: {1, 2}}}
00:08:07.893539: 1_FOLLOWER@2: accept %{entries: [%{clientP: #PID<17859.182.0>, cmd: {:move, 230, 77, 92}, uid: {0, 1}}], leaderCommit: 1, leaderId: 0, prevLogIndex: 1, prevLogTerm: 1, term: 1}
00:08:07.893675: 1_FOLLOWER@3: accept %{entries: [%{clientP: #PID<17859.182.0>, cmd: {:move, 230, 77, 92}, uid: {0, 1}}], leaderCommit: 1, leaderId: 0, prevLogIndex: 1, prevLogTerm: 1, term: 1}
00:08:07.893630: 1_FOLLOWER@1: accept %{entries: [%{clientP: #PID<17859.182.0>, cmd: {:move, 230, 77, 92}, uid: {0, 1}}], leaderCommit: 1, leaderId: 0, prevLogIndex: 1, prevLogTerm: 1, term: 1}
00:08:07.893650: 1_LEADER@0: send client confirmation {0, 1}
00:08:07.893654: 1_FOLLOWER@4: accept %{entries: [%{clientP: #PID<17859.182.0>, cmd: {:move, 230, 77, 92}, uid: {0, 1}}], leaderCommit: 1, leaderId: 0, prevLogIndex: 1, prevLogTerm: 1, term: 1}
00:08:07.899793: CLIENT 0: send to server: {:CLIENT_REQUEST, %{clientP: #PID<0.182.0>, cmd: {:move, 260, 13, 19}, uid: {0, 2}}}
00:08:07.904273: 1_FOLLOWER@4: accept %{entries: [%{clientP: #PID<17858.182.0>, cmd: {:move, 809, 97, 82}, uid: {1, 2}}], leaderCommit: 2, leaderId: 0, prevLogIndex: 2, prevLogTerm: 1, term: 1}
00:08:07.904282: 1_FOLLOWER@2: accept %{entries: [%{clientP: #PID<17858.182.0>, cmd: {:move, 809, 97, 82}, uid: {1, 2}}], leaderCommit: 2, leaderId: 0, prevLogIndex: 2, prevLogTerm: 1, term: 1}
00:08:07.904294: 1_FOLLOWER@1: accept %{entries: [%{clientP: #PID<17858.182.0>, cmd: {:move, 809, 97, 82}, uid: {1, 2}}], leaderCommit: 2, leaderId: 0, prevLogIndex: 2, prevLogTerm: 1, term: 1}
00:08:07.904307: 1_FOLLOWER@3: accept %{entries: [%{clientP: #PID<17858.182.0>, cmd: {:move, 809, 97, 82}, uid: {1, 2}}], leaderCommit: 2, leaderId: 0, prevLogIndex: 2, prevLogTerm: 1, term: 1}
00:08:07.904571: 1_LEADER@0: send client confirmation {1, 2}
00:08:07.910850: CLIENT 1: send to server: {:CLIENT_REQUEST, %{clientP: #PID<0.182.0>, cmd: {:move, 936, 83, 86}, uid: {1, 3}}}
00:08:07.915287: 1_FOLLOWER@2: accept %{entries: [%{clientP: #PID<17859.182.0>, cmd: {:move, 260, 13, 19}, uid: {0, 2}}], leaderCommit: 3, leaderId: 0, prevLogIndex: 3, prevLogTerm: 1, term: 1}
00:08:07.915298: 1_FOLLOWER@3: accept %{entries: [%{clientP: #PID<17859.182.0>, cmd: {:move, 260, 13, 19}, uid: {0, 2}}], leaderCommit: 3, leaderId: 0, prevLogIndex: 3, prevLogTerm: 1, term: 1}
00:08:07.915400: 1_FOLLOWER@1: accept %{entries: [%{clientP: #PID<17859.182.0>, cmd: {:move, 260, 13, 19}, uid: {0, 2}}], leaderCommit: 3, leaderId: 0, prevLogIndex: 3, prevLogTerm: 1, term: 1}
00:08:07.915414: 1_FOLLOWER@4: accept %{entries: [%{clientP: #PID<17859.182.0>, cmd: {:move, 260, 13, 19}, uid: {0, 2}}], leaderCommit: 3, leaderId: 0, prevLogIndex: 3, prevLogTerm: 1, term: 1}
00:08:07.915610: 1_LEADER@0: send client confirmation {0, 2}
00:08:07.921840: CLIENT 0: send to server: {:CLIENT_REQUEST, %{clientP: #PID<0.182.0>, cmd: {:move, 775, 10, 75}, uid: {0, 3}}}
00:08:07.926102: 1_FOLLOWER@2: accept %{entries: [%{clientP: #PID<17858.182.0>, cmd: {:move, 936, 83, 86}, uid: {1, 3}}], leaderCommit: 4, leaderId: 0, prevLogIndex: 4, prevLogTerm: 1, term: 1}
00:08:07.926141: 1_FOLLOWER@3: accept %{entries: [%{clientP: #PID<17858.182.0>, cmd: {:move, 936, 83, 86}, uid: {1, 3}}], leaderCommit: 4, leaderId: 0, prevLogIndex: 4, prevLogTerm: 1, term: 1}
00:08:07.926253: 1_FOLLOWER@1: accept %{entries: [%{clientP: #PID<17858.182.0>, cmd: {:move, 936, 83, 86}, uid: {1, 3}}], leaderCommit: 4, leaderId: 0, prevLogIndex: 4, prevLogTerm: 1, term: 1}
00:08:07.926253: 1_FOLLOWER@4: accept %{entries: [%{clientP: #PID<17858.182.0>, cmd: {:move, 936, 83, 86}, uid: {1, 3}}], leaderCommit: 4, leaderId: 0, prevLogIndex: 4, prevLogTerm: 1, term: 1}
00:08:07.926507: 1_LEADER@0: send client confirmation {1, 3}
00:08:07.932808: CLIENT 1: send to server: {:CLIENT_REQUEST, %{clientP: #PID<0.182.0>, cmd: {:move, 924, 34, 57}, uid: {1, 4}}}
00:08:07.937179: 1_FOLLOWER@2: accept %{entries: [%{clientP: #PID<17859.182.0>, cmd: {:move, 775, 10, 75}, uid: {0, 3}}], leaderCommit: 5, leaderId: 0, prevLogIndex: 5, prevLogTerm: 1, term: 1}
00:08:07.937263: 1_FOLLOWER@3: accept %{entries: [%{clientP: #PID<17859.182.0>, cmd: {:move, 775, 10, 75}, uid: {0, 3}}], leaderCommit: 5, leaderId: 0, prevLogIndex: 5, prevLogTerm: 1, term: 1}
00:08:07.937494: 1_LEADER@0: send client confirmation {0, 3}
00:08:07.937416: 1_FOLLOWER@4: accept %{entries: [%{clientP: #PID<17859.182.0>, cmd: {:move, 775, 10, 75}, uid: {0, 3}}], leaderCommit: 5, leaderId: 0, prevLogIndex: 5, prevLogTerm: 1, term: 1}
00:08:07.937418: 1_FOLLOWER@1: accept %{entries: [%{clientP: #PID<17859.182.0>, cmd: {:move, 775, 10, 75}, uid: {0, 3}}], leaderCommit: 5, leaderId: 0, prevLogIndex: 5, prevLogTerm: 1, term: 1}
00:08:07.943823: CLIENT 0: send to server: {:CLIENT_REQUEST, %{clientP: #PID<0.182.0>, cmd: {:move, 448, 37, 27}, uid: {0, 4}}}
00:08:07.948304: 1_FOLLOWER@2: accept %{entries: [%{clientP: #PID<17858.182.0>, cmd: {:move, 924, 34, 57}, uid: {1, 4}}], leaderCommit: 6, leaderId: 0, prevLogIndex: 6, prevLogTerm: 1, term: 1}
00:08:07.948296: 1_FOLLOWER@3: accept %{entries: [%{clientP: #PID<17858.182.0>, cmd: {:move, 924, 34, 57}, uid: {1, 4}}], leaderCommit: 6, leaderId: 0, prevLogIndex: 6, prevLogTerm: 1, term: 1}
00:08:07.948344: 1_FOLLOWER@1: accept %{entries: [%{clientP: #PID<17858.182.0>, cmd: {:move, 924, 34, 57}, uid: {1, 4}}], leaderCommit: 6, leaderId: 0, prevLogIndex: 6, prevLogTerm: 1, term: 1}
00:08:07.948344: 1_FOLLOWER@4: accept %{entries: [%{clientP: #PID<17858.182.0>, cmd: {:move, 924, 34, 57}, uid: {1, 4}}], leaderCommit: 6, leaderId: 0, prevLogIndex: 6, prevLogTerm: 1, term: 1}
00:08:07.948648: 1_LEADER@0: send client confirmation {1, 4}
00:08:07.954898: CLIENT 1: send to server: {:CLIENT_REQUEST, %{clientP: #PID<0.182.0>, cmd: {:move, 22, 55, 73}, uid: {1, 5}}}
00:08:07.959202: 1_FOLLOWER@2: accept %{entries: [%{clientP: #PID<17859.182.0>, cmd: {:move, 448, 37, 27}, uid: {0, 4}}], leaderCommit: 7, leaderId: 0, prevLogIndex: 7, prevLogTerm: 1, term: 1}
00:08:07.959245: 1_FOLLOWER@4: accept %{entries: [%{clientP: #PID<17859.182.0>, cmd: {:move, 448, 37, 27}, uid: {0, 4}}], leaderCommit: 7, leaderId: 0, prevLogIndex: 7, prevLogTerm: 1, term: 1}
00:08:07.959315: 1_FOLLOWER@1: accept %{entries: [%{clientP: #PID<17859.182.0>, cmd: {:move, 448, 37, 27}, uid: {0, 4}}], leaderCommit: 7, leaderId: 0, prevLogIndex: 7, prevLogTerm: 1, term: 1}
00:08:07.959247: 1_FOLLOWER@3: accept %{entries: [%{clientP: #PID<17859.182.0>, cmd: {:move, 448, 37, 27}, uid: {0, 4}}], leaderCommit: 7, leaderId: 0, prevLogIndex: 7, prevLogTerm: 1, term: 1}
00:08:07.959562: 1_LEADER@0: send client confirmation {0, 4}
00:08:07.965971: CLIENT 0: send to server: {:CLIENT_REQUEST, %{clientP: #PID<0.182.0>, cmd: {:move, 3, 2, 100}, uid: {0, 5}}}
00:08:07.970210: 1_FOLLOWER@4: accept %{entries: [%{clientP: #PID<17858.182.0>, cmd: {:move, 22, 55, 73}, uid: {1, 5}}], leaderCommit: 8, leaderId: 0, prevLogIndex: 8, prevLogTerm: 1, term: 1}
00:08:07.970293: 1_FOLLOWER@1: accept %{entries: [%{clientP: #PID<17858.182.0>, cmd: {:move, 22, 55, 73}, uid: {1, 5}}], leaderCommit: 8, leaderId: 0, prevLogIndex: 8, prevLogTerm: 1, term: 1}
00:08:07.970256: 1_FOLLOWER@2: accept %{entries: [%{clientP: #PID<17858.182.0>, cmd: {:move, 22, 55, 73}, uid: {1, 5}}], leaderCommit: 8, leaderId: 0, prevLogIndex: 8, prevLogTerm: 1, term: 1}
00:08:07.970306: 1_FOLLOWER@3: accept %{entries: [%{clientP: #PID<17858.182.0>, cmd: {:move, 22, 55, 73}, uid: {1, 5}}], leaderCommit: 8, leaderId: 0, prevLogIndex: 8, prevLogTerm: 1, term: 1}
00:08:07.970535: 1_LEADER@0: send client confirmation {1, 5}
00:08:07.977995: CLIENT 1: send to server: {:CLIENT_REQUEST, %{clientP: #PID<0.182.0>, cmd: {:move, 597, 18, 72}, uid: {1, 6}}}
00:08:07.981724: 1_FOLLOWER@4: accept %{entries: [%{clientP: #PID<17859.182.0>, cmd: {:move, 3, 2, 100}, uid: {0, 5}}], leaderCommit: 9, leaderId: 0, prevLogIndex: 9, prevLogTerm: 1, term: 1}
00:08:07.981769: 1_FOLLOWER@1: accept %{entries: [%{clientP: #PID<17859.182.0>, cmd: {:move, 3, 2, 100}, uid: {0, 5}}], leaderCommit: 9, leaderId: 0, prevLogIndex: 9, prevLogTerm: 1, term: 1}
00:08:07.981793: 1_FOLLOWER@2: accept %{entries: [%{clientP: #PID<17859.182.0>, cmd: {:move, 3, 2, 100}, uid: {0, 5}}], leaderCommit: 9, leaderId: 0, prevLogIndex: 9, prevLogTerm: 1, term: 1}
00:08:07.981772: 1_FOLLOWER@3: accept %{entries: [%{clientP: #PID<17859.182.0>, cmd: {:move, 3, 2, 100}, uid: {0, 5}}], leaderCommit: 9, leaderId: 0, prevLogIndex: 9, prevLogTerm: 1, term: 1}
00:08:07.982076: 1_LEADER@0: send client confirmation {0, 5}
00:08:07.988925: CLIENT 0: send to server: {:CLIENT_REQUEST, %{clientP: #PID<0.182.0>, cmd: {:move, 148, 79, 30}, uid: {0, 6}}}
00:08:07.992275: 1_FOLLOWER@4: accept %{entries: [%{clientP: #PID<17858.182.0>, cmd: {:move, 597, 18, 72}, uid: {1, 6}}], leaderCommit: 10, leaderId: 0, prevLogIndex: 10, prevLogTerm: 1, term: 1}
00:08:07.992311: 1_FOLLOWER@1: accept %{entries: [%{clientP: #PID<17858.182.0>, cmd: {:move, 597, 18, 72}, uid: {1, 6}}], leaderCommit: 10, leaderId: 0, prevLogIndex: 10, prevLogTerm: 1, term: 1}
00:08:07.992370: 1_FOLLOWER@3: accept %{entries: [%{clientP: #PID<17858.182.0>, cmd: {:move, 597, 18, 72}, uid: {1, 6}}], leaderCommit: 10, leaderId: 0, prevLogIndex: 10, prevLogTerm: 1, term: 1}
00:08:07.992396: 1_FOLLOWER@2: accept %{entries: [%{clientP: #PID<17858.182.0>, cmd: {:move, 597, 18, 72}, uid: {1, 6}}], leaderCommit: 10, leaderId: 0, prevLogIndex: 10, prevLogTerm: 1, term: 1}
00:08:07.992594: 1_LEADER@0: send client confirmation {1, 6}
00:08:07.998999: CLIENT 1: send to server: {:CLIENT_REQUEST, %{clientP: #PID<0.182.0>, cmd: {:move, 919, 16, 25}, uid: {1, 7}}}
00:08:08.003236: 1_FOLLOWER@1: accept %{entries: [%{clientP: #PID<17859.182.0>, cmd: {:move, 148, 79, 30}, uid: {0, 6}}], leaderCommit: 11, leaderId: 0, prevLogIndex: 11, prevLogTerm: 1, term: 1}
00:08:08.003284: 1_FOLLOWER@2: accept %{entries: [%{clientP: #PID<17859.182.0>, cmd: {:move, 148, 79, 30}, uid: {0, 6}}], leaderCommit: 11, leaderId: 0, prevLogIndex: 11, prevLogTerm: 1, term: 1}
00:08:08.003244: 1_FOLLOWER@4: accept %{entries: [%{clientP: #PID<17859.182.0>, cmd: {:move, 148, 79, 30}, uid: {0, 6}}], leaderCommit: 11, leaderId: 0, prevLogIndex: 11, prevLogTerm: 1, term: 1}
00:08:08.003304: 1_FOLLOWER@3: accept %{entries: [%{clientP: #PID<17859.182.0>, cmd: {:move, 148, 79, 30}, uid: {0, 6}}], leaderCommit: 11, leaderId: 0, prevLogIndex: 11, prevLogTerm: 1, term: 1}
00:08:08.003526: 1_LEADER@0: send client confirmation {0, 6}
00:08:08.009906: CLIENT 0: send to server: {:CLIENT_REQUEST, %{clientP: #PID<0.182.0>, cmd: {:move, 950, 65, 99}, uid: {0, 7}}}
00:08:08.014237: 1_FOLLOWER@2: accept %{entries: [%{clientP: #PID<17858.182.0>, cmd: {:move, 919, 16, 25}, uid: {1, 7}}], leaderCommit: 12, leaderId: 0, prevLogIndex: 12, prevLogTerm: 1, term: 1}
00:08:08.014207: 1_FOLLOWER@1: accept %{entries: [%{clientP: #PID<17858.182.0>, cmd: {:move, 919, 16, 25}, uid: {1, 7}}], leaderCommit: 12, leaderId: 0, prevLogIndex: 12, prevLogTerm: 1, term: 1}
00:08:08.014209: 1_FOLLOWER@4: accept %{entries: [%{clientP: #PID<17858.182.0>, cmd: {:move, 919, 16, 25}, uid: {1, 7}}], leaderCommit: 12, leaderId: 0, prevLogIndex: 12, prevLogTerm: 1, term: 1}
00:08:08.014483: 1_LEADER@0: send client confirmation {1, 7}
00:08:08.014258: 1_FOLLOWER@3: accept %{entries: [%{clientP: #PID<17858.182.0>, cmd: {:move, 919, 16, 25}, uid: {1, 7}}], leaderCommit: 12, leaderId: 0, prevLogIndex: 12, prevLogTerm: 1, term: 1}
00:08:08.020861: CLIENT 1: send to server: {:CLIENT_REQUEST, %{clientP: #PID<0.182.0>, cmd: {:move, 35, 54, 32}, uid: {1, 8}}}
00:08:08.025183: 1_FOLLOWER@4: accept %{entries: [%{clientP: #PID<17859.182.0>, cmd: {:move, 950, 65, 99}, uid: {0, 7}}], leaderCommit: 13, leaderId: 0, prevLogIndex: 13, prevLogTerm: 1, term: 1}
00:08:08.025177: 1_FOLLOWER@1: accept %{entries: [%{clientP: #PID<17859.182.0>, cmd: {:move, 950, 65, 99}, uid: {0, 7}}], leaderCommit: 13, leaderId: 0, prevLogIndex: 13, prevLogTerm: 1, term: 1}
00:08:08.025217: 1_FOLLOWER@2: accept %{entries: [%{clientP: #PID<17859.182.0>, cmd: {:move, 950, 65, 99}, uid: {0, 7}}], leaderCommit: 13, leaderId: 0, prevLogIndex: 13, prevLogTerm: 1, term: 1}
00:08:08.025235: 1_FOLLOWER@3: accept %{entries: [%{clientP: #PID<17859.182.0>, cmd: {:move, 950, 65, 99}, uid: {0, 7}}], leaderCommit: 13, leaderId: 0, prevLogIndex: 13, prevLogTerm: 1, term: 1}
00:08:08.025496: 1_LEADER@0: send client confirmation {0, 7}
00:08:08.031928: CLIENT 0: send to server: {:CLIENT_REQUEST, %{clientP: #PID<0.182.0>, cmd: {:move, 360, 76, 25}, uid: {0, 8}}}
00:08:08.036203: 1_FOLLOWER@1: accept %{entries: [%{clientP: #PID<17858.182.0>, cmd: {:move, 35, 54, 32}, uid: {1, 8}}], leaderCommit: 14, leaderId: 0, prevLogIndex: 14, prevLogTerm: 1, term: 1}
00:08:08.036238: 1_FOLLOWER@2: accept %{entries: [%{clientP: #PID<17858.182.0>, cmd: {:move, 35, 54, 32}, uid: {1, 8}}], leaderCommit: 14, leaderId: 0, prevLogIndex: 14, prevLogTerm: 1, term: 1}
00:08:08.036349: 1_FOLLOWER@3: accept %{entries: [%{clientP: #PID<17858.182.0>, cmd: {:move, 35, 54, 32}, uid: {1, 8}}], leaderCommit: 14, leaderId: 0, prevLogIndex: 14, prevLogTerm: 1, term: 1}
00:08:08.036349: 1_FOLLOWER@4: accept %{entries: [%{clientP: #PID<17858.182.0>, cmd: {:move, 35, 54, 32}, uid: {1, 8}}], leaderCommit: 14, leaderId: 0, prevLogIndex: 14, prevLogTerm: 1, term: 1}
00:08:08.036490: 1_LEADER@0: send client confirmation {1, 8}
00:08:08.042806: CLIENT 1: send to server: {:CLIENT_REQUEST, %{clientP: #PID<0.182.0>, cmd: {:move, 979, 11, 22}, uid: {1, 9}}}
00:08:08.047100: 1_FOLLOWER@1: accept %{entries: [%{clientP: #PID<17859.182.0>, cmd: {:move, 360, 76, 25}, uid: {0, 8}}], leaderCommit: 15, leaderId: 0, prevLogIndex: 15, prevLogTerm: 1, term: 1}
00:08:08.047147: 1_FOLLOWER@3: accept %{entries: [%{clientP: #PID<17859.182.0>, cmd: {:move, 360, 76, 25}, uid: {0, 8}}], leaderCommit: 15, leaderId: 0, prevLogIndex: 15, prevLogTerm: 1, term: 1}
00:08:08.047448: 1_LEADER@0: send client confirmation {0, 8}
00:08:08.049036: 1_FOLLOWER@4: accept %{entries: [%{clientP: #PID<17859.182.0>, cmd: {:move, 360, 76, 25}, uid: {0, 8}}], leaderCommit: 15, leaderId: 0, prevLogIndex: 15, prevLogTerm: 1, term: 1}
00:08:08.049089: 1_FOLLOWER@2: accept %{entries: [%{clientP: #PID<17859.182.0>, cmd: {:move, 360, 76, 25}, uid: {0, 8}}], leaderCommit: 15, leaderId: 0, prevLogIndex: 15, prevLogTerm: 1, term: 1}
00:08:08.053950: CLIENT 0: send to server: {:CLIENT_REQUEST, %{clientP: #PID<0.182.0>, cmd: {:move, 546, 43, 34}, uid: {0, 9}}}
00:08:08.062712: 1_FOLLOWER@2: accept %{entries: [%{clientP: #PID<17858.182.0>, cmd: {:move, 979, 11, 22}, uid: {1, 9}}], leaderCommit: 16, leaderId: 0, prevLogIndex: 16, prevLogTerm: 1, term: 1}
00:08:08.062695: 1_FOLLOWER@1: accept %{entries: [%{clientP: #PID<17858.182.0>, cmd: {:move, 979, 11, 22}, uid: {1, 9}}], leaderCommit: 16, leaderId: 0, prevLogIndex: 16, prevLogTerm: 1, term: 1}
00:08:08.063571: 1_FOLLOWER@4: accept %{entries: [%{clientP: #PID<17858.182.0>, cmd: {:move, 979, 11, 22}, uid: {1, 9}}], leaderCommit: 16, leaderId: 0, prevLogIndex: 16, prevLogTerm: 1, term: 1}
00:08:08.062939: 1_FOLLOWER@3: accept %{entries: [%{clientP: #PID<17858.182.0>, cmd: {:move, 979, 11, 22}, uid: {1, 9}}], leaderCommit: 16, leaderId: 0, prevLogIndex: 16, prevLogTerm: 1, term: 1}
00:08:08.067469: 1_LEADER@0: send client confirmation {1, 9}
00:08:08.073837: CLIENT 1: send to server: {:CLIENT_REQUEST, %{clientP: #PID<0.182.0>, cmd: {:move, 317, 85, 5}, uid: {1, 10}}}
00:08:08.074756: 1_FOLLOWER@1: accept %{entries: [%{clientP: #PID<17859.182.0>, cmd: {:move, 546, 43, 34}, uid: {0, 9}}], leaderCommit: 17, leaderId: 0, prevLogIndex: 17, prevLogTerm: 1, term: 1}
00:08:08.075622: 1_FOLLOWER@2: accept %{entries: [%{clientP: #PID<17859.182.0>, cmd: {:move, 546, 43, 34}, uid: {0, 9}}], leaderCommit: 17, leaderId: 0, prevLogIndex: 17, prevLogTerm: 1, term: 1}
00:08:08.075746: 1_FOLLOWER@3: accept %{entries: [%{clientP: #PID<17859.182.0>, cmd: {:move, 546, 43, 34}, uid: {0, 9}}], leaderCommit: 17, leaderId: 0, prevLogIndex: 17, prevLogTerm: 1, term: 1}
00:08:08.077313: 1_LEADER@0: send client confirmation {0, 9}
00:08:08.077608: 1_FOLLOWER@4: accept %{entries: [%{clientP: #PID<17859.182.0>, cmd: {:move, 546, 43, 34}, uid: {0, 9}}], leaderCommit: 17, leaderId: 0, prevLogIndex: 17, prevLogTerm: 1, term: 1}
00:08:08.084974: CLIENT 0: send to server: {:CLIENT_REQUEST, %{clientP: #PID<0.182.0>, cmd: {:move, 952, 47, 90}, uid: {0, 10}}}
00:08:08.085811: 1_FOLLOWER@1: accept %{entries: [%{clientP: #PID<17858.182.0>, cmd: {:move, 317, 85, 5}, uid: {1, 10}}], leaderCommit: 18, leaderId: 0, prevLogIndex: 18, prevLogTerm: 1, term: 1}
00:08:08.086228: 1_FOLLOWER@4: accept %{entries: [%{clientP: #PID<17858.182.0>, cmd: {:move, 317, 85, 5}, uid: {1, 10}}], leaderCommit: 18, leaderId: 0, prevLogIndex: 18, prevLogTerm: 1, term: 1}
00:08:08.086501: 1_FOLLOWER@2: accept %{entries: [%{clientP: #PID<17858.182.0>, cmd: {:move, 317, 85, 5}, uid: {1, 10}}], leaderCommit: 18, leaderId: 0, prevLogIndex: 18, prevLogTerm: 1, term: 1}
00:08:08.087103: 1_LEADER@0: send client confirmation {1, 10}
00:08:08.087685: 1_FOLLOWER@3: accept %{entries: [%{clientP: #PID<17858.182.0>, cmd: {:move, 317, 85, 5}, uid: {1, 10}}], leaderCommit: 18, leaderId: 0, prevLogIndex: 18, prevLogTerm: 1, term: 1}
00:08:08.094948: CLIENT 1: send to server: {:CLIENT_REQUEST, %{clientP: #PID<0.182.0>, cmd: {:move, 558, 11, 25}, uid: {1, 11}}}
00:08:08.098760: 1_FOLLOWER@4: accept %{entries: [%{clientP: #PID<17859.182.0>, cmd: {:move, 952, 47, 90}, uid: {0, 10}}], leaderCommit: 19, leaderId: 0, prevLogIndex: 19, prevLogTerm: 1, term: 1}
00:08:08.097165: 1_FOLLOWER@3: accept %{entries: [%{clientP: #PID<17859.182.0>, cmd: {:move, 952, 47, 90}, uid: {0, 10}}], leaderCommit: 19, leaderId: 0, prevLogIndex: 19, prevLogTerm: 1, term: 1}
00:08:08.100494: 1_LEADER@0: send client confirmation {0, 10}
00:08:08.109299: 1_FOLLOWER@3: accept %{entries: [%{clientP: #PID<17858.182.0>, cmd: {:move, 558, 11, 25}, uid: {1, 11}}], leaderCommit: 20, leaderId: 0, prevLogIndex: 20, prevLogTerm: 1, term: 1}
00:08:08.112355: 1_FOLLOWER@4: accept %{entries: [%{clientP: #PID<17858.182.0>, cmd: {:move, 558, 11, 25}, uid: {1, 11}}], leaderCommit: 20, leaderId: 0, prevLogIndex: 20, prevLogTerm: 1, term: 1}
00:08:08.112615: 1_LEADER@0: send client confirmation {1, 11}
00:08:08.112939: CLIENT 0: send to server: {:CLIENT_REQUEST, %{clientP: #PID<0.182.0>, cmd: {:move, 600, 57, 32}, uid: {0, 11}}}
00:08:08.114975: 1_FOLLOWER@2: accept %{entries: [%{clientP: #PID<17859.182.0>, cmd: {:move, 952, 47, 90}, uid: {0, 10}}], leaderCommit: 19, leaderId: 0, prevLogIndex: 19, prevLogTerm: 1, term: 1}
00:08:08.096703: 1_FOLLOWER@1: accept %{entries: [%{clientP: #PID<17859.182.0>, cmd: {:move, 952, 47, 90}, uid: {0, 10}}], leaderCommit: 19, leaderId: 0, prevLogIndex: 19, prevLogTerm: 1, term: 1}
00:08:08.127497: 1_FOLLOWER@1: accept %{entries: [%{clientP: #PID<17859.182.0>, cmd: {:move, 952, 47, 90}, uid: {0, 10}}], leaderCommit: 20, leaderId: 0, prevLogIndex: 19, prevLogTerm: 1, term: 1}
00:08:08.127579: 1_FOLLOWER@2: accept %{entries: [%{clientP: #PID<17858.182.0>, cmd: {:move, 558, 11, 25}, uid: {1, 11}}], leaderCommit: 20, leaderId: 0, prevLogIndex: 20, prevLogTerm: 1, term: 1}
00:08:08.129775: 1_FOLLOWER@1: accept %{entries: [%{clientP: #PID<17858.182.0>, cmd: {:move, 558, 11, 25}, uid: {1, 11}}], leaderCommit: 21, leaderId: 0, prevLogIndex: 20, prevLogTerm: 1, term: 1}
00:08:08.133362: 1_LEADER@0: send client confirmation {0, 11}
00:08:08.133348: 1_FOLLOWER@2: accept %{entries: [%{clientP: #PID<17858.182.0>, cmd: {:move, 558, 11, 25}, uid: {1, 11}}], leaderCommit: 21, leaderId: 0, prevLogIndex: 20, prevLogTerm: 1, term: 1}
00:08:08.143735: 1_FOLLOWER@3: accept %{entries: [%{clientP: #PID<17859.182.0>, cmd: {:move, 600, 57, 32}, uid: {0, 11}}], leaderCommit: 22, leaderId: 0, prevLogIndex: 21, prevLogTerm: 1, term: 1}
00:08:08.145736: 1_FOLLOWER@4: accept %{entries: [%{clientP: #PID<17859.182.0>, cmd: {:move, 600, 57, 32}, uid: {0, 11}}], leaderCommit: 22, leaderId: 0, prevLogIndex: 21, prevLogTerm: 1, term: 1}
00:08:08.144603: CLIENT 1: send to server: {:CLIENT_REQUEST, %{clientP: #PID<0.182.0>, cmd: {:move, 14, 43, 8}, uid: {1, 12}}}
00:08:08.148727: CLIENT 0: send to server: {:CLIENT_REQUEST, %{clientP: #PID<0.182.0>, cmd: {:move, 838, 20, 30}, uid: {0, 12}}}
00:08:08.153720: 1_FOLLOWER@1: accept %{entries: [%{clientP: #PID<17858.182.0>, cmd: {:move, 14, 43, 8}, uid: {1, 12}}], leaderCommit: 22, leaderId: 0, prevLogIndex: 22, prevLogTerm: 1, term: 1}

00:08:08.152 [error] Process #PID<0.178.0> on node :"raft_04_jc5616@127.0.0.1" raised an exception
** (RuntimeError) HALT: monitor:  ** error DATEBASE@1 .20 [952,47,90] = log 20/21 [558,11,25]
    (raft 0.1.0) lib/monitor.ex:62: Monitor.halt/1
    (raft 0.1.0) lib/monitor.ex:128: Monitor.next/1
00:08:08.153913: 1_FOLLOWER@3: accept %{entries: [%{clientP: #PID<17858.182.0>, cmd: {:move, 14, 43, 8}, uid: {1, 12}}], leaderCommit: 22, leaderId: 0, prevLogIndex: 22, prevLogTerm: 1, term: 1}
00:08:08.154003: 1_LEADER@0: send client confirmation {1, 12}
00:08:08.157245: 1_FOLLOWER@2: accept %{entries: [%{clientP: #PID<17858.182.0>, cmd: {:move, 14, 43, 8}, uid: {1, 12}}], leaderCommit: 22, leaderId: 0, prevLogIndex: 22, prevLogTerm: 1, term: 1}
00:08:08.161653: CLIENT 1: send to server: {:CLIENT_REQUEST, %{clientP: #PID<0.182.0>, cmd: {:move, 117, 31, 76}, uid: {1, 13}}}
00:08:08.162260: 1_FOLLOWER@4: accept %{entries: [%{clientP: #PID<17858.182.0>, cmd: {:move, 14, 43, 8}, uid: {1, 12}}], leaderCommit: 22, leaderId: 0, prevLogIndex: 22, prevLogTerm: 1, term: 1}
00:08:08.164667: 1_FOLLOWER@1: accept %{entries: [%{clientP: #PID<17859.182.0>, cmd: {:move, 838, 20, 30}, uid: {0, 12}}], leaderCommit: 23, leaderId: 0, prevLogIndex: 23, prevLogTerm: 1, term: 1}
00:08:08.164692: 1_FOLLOWER@2: accept %{entries: [%{clientP: #PID<17859.182.0>, cmd: {:move, 838, 20, 30}, uid: {0, 12}}], leaderCommit: 23, leaderId: 0, prevLogIndex: 23, prevLogTerm: 1, term: 1}
00:08:08.164744: 1_LEADER@0: send client confirmation {0, 12}
00:08:08.165354: 1_FOLLOWER@3: accept %{entries: [%{clientP: #PID<17859.182.0>, cmd: {:move, 838, 20, 30}, uid: {0, 12}}], leaderCommit: 23, leaderId: 0, prevLogIndex: 23, prevLogTerm: 1, term: 1}
00:08:08.165481: 1_FOLLOWER@4: accept %{entries: [%{clientP: #PID<17859.182.0>, cmd: {:move, 838, 20, 30}, uid: {0, 12}}], leaderCommit: 23, leaderId: 0, prevLogIndex: 23, prevLogTerm: 1, term: 1}
00:08:08.170711: CLIENT 0: send to server: {:CLIENT_REQUEST, %{clientP: #PID<0.182.0>, cmd: {:move, 895, 67, 94}, uid: {0, 13}}}
00:08:08.175747: 1_FOLLOWER@1: accept %{entries: [%{clientP: #PID<17858.182.0>, cmd: {:move, 117, 31, 76}, uid: {1, 13}}], leaderCommit: 24, leaderId: 0, prevLogIndex: 24, prevLogTerm: 1, term: 1}
00:08:08.175794: 1_FOLLOWER@2: accept %{entries: [%{clientP: #PID<17858.182.0>, cmd: {:move, 117, 31, 76}, uid: {1, 13}}], leaderCommit: 24, leaderId: 0, prevLogIndex: 24, prevLogTerm: 1, term: 1}
00:08:08.175792: 1_FOLLOWER@3: accept %{entries: [%{clientP: #PID<17858.182.0>, cmd: {:move, 117, 31, 76}, uid: {1, 13}}], leaderCommit: 24, leaderId: 0, prevLogIndex: 24, prevLogTerm: 1, term: 1}
00:08:08.175805: 1_LEADER@0: send client confirmation {1, 13}
00:08:08.175829: 1_FOLLOWER@4: accept %{entries: [%{clientP: #PID<17858.182.0>, cmd: {:move, 117, 31, 76}, uid: {1, 13}}], leaderCommit: 24, leaderId: 0, prevLogIndex: 24, prevLogTerm: 1, term: 1}
00:08:08.181648: CLIENT 1: send to server: {:CLIENT_REQUEST, %{clientP: #PID<0.182.0>, cmd: {:move, 821, 91, 67}, uid: {1, 14}}}
00:08:08.186758: 1_FOLLOWER@1: accept %{entries: [%{clientP: #PID<17859.182.0>, cmd: {:move, 895, 67, 94}, uid: {0, 13}}], leaderCommit: 25, leaderId: 0, prevLogIndex: 25, prevLogTerm: 1, term: 1}
00:08:08.186768: 1_FOLLOWER@3: accept %{entries: [%{clientP: #PID<17859.182.0>, cmd: {:move, 895, 67, 94}, uid: {0, 13}}], leaderCommit: 25, leaderId: 0, prevLogIndex: 25, prevLogTerm: 1, term: 1}
00:08:08.186805: 1_FOLLOWER@2: accept %{entries: [%{clientP: #PID<17859.182.0>, cmd: {:move, 895, 67, 94}, uid: {0, 13}}], leaderCommit: 25, leaderId: 0, prevLogIndex: 25, prevLogTerm: 1, term: 1}
00:08:08.186810: 1_LEADER@0: send client confirmation {0, 13}
00:08:08.186848: 1_FOLLOWER@4: accept %{entries: [%{clientP: #PID<17859.182.0>, cmd: {:move, 895, 67, 94}, uid: {0, 13}}], leaderCommit: 25, leaderId: 0, prevLogIndex: 25, prevLogTerm: 1, term: 1}
00:08:08.192671: CLIENT 0: send to server: {:CLIENT_REQUEST, %{clientP: #PID<0.182.0>, cmd: {:move, 200, 8, 42}, uid: {0, 14}}}
00:08:08.197726: 1_FOLLOWER@1: accept %{entries: [%{clientP: #PID<17858.182.0>, cmd: {:move, 821, 91, 67}, uid: {1, 14}}], leaderCommit: 26, leaderId: 0, prevLogIndex: 26, prevLogTerm: 1, term: 1}
00:08:08.197751: 1_FOLLOWER@2: accept %{entries: [%{clientP: #PID<17858.182.0>, cmd: {:move, 821, 91, 67}, uid: {1, 14}}], leaderCommit: 26, leaderId: 0, prevLogIndex: 26, prevLogTerm: 1, term: 1}
00:08:08.197757: 1_FOLLOWER@3: accept %{entries: [%{clientP: #PID<17858.182.0>, cmd: {:move, 821, 91, 67}, uid: {1, 14}}], leaderCommit: 26, leaderId: 0, prevLogIndex: 26, prevLogTerm: 1, term: 1}
00:08:08.197754: 1_LEADER@0: send client confirmation {1, 14}
00:08:08.197769: 1_FOLLOWER@4: accept %{entries: [%{clientP: #PID<17858.182.0>, cmd: {:move, 821, 91, 67}, uid: {1, 14}}], leaderCommit: 26, leaderId: 0, prevLogIndex: 26, prevLogTerm: 1, term: 1}
00:08:08.203617: CLIENT 1: send to server: {:CLIENT_REQUEST, %{clientP: #PID<0.182.0>, cmd: {:move, 438, 77, 92}, uid: {1, 15}}}
00:08:08.208773: 1_FOLLOWER@1: accept %{entries: [%{clientP: #PID<17859.182.0>, cmd: {:move, 200, 8, 42}, uid: {0, 14}}], leaderCommit: 27, leaderId: 0, prevLogIndex: 27, prevLogTerm: 1, term: 1}
00:08:08.208805: 1_FOLLOWER@3: accept %{entries: [%{clientP: #PID<17859.182.0>, cmd: {:move, 200, 8, 42}, uid: {0, 14}}], leaderCommit: 27, leaderId: 0, prevLogIndex: 27, prevLogTerm: 1, term: 1}
00:08:08.208817: 1_LEADER@0: send client confirmation {0, 14}
00:08:08.208818: 1_FOLLOWER@2: accept %{entries: [%{clientP: #PID<17859.182.0>, cmd: {:move, 200, 8, 42}, uid: {0, 14}}], leaderCommit: 27, leaderId: 0, prevLogIndex: 27, prevLogTerm: 1, term: 1}
00:08:08.208888: 1_FOLLOWER@4: accept %{entries: [%{clientP: #PID<17859.182.0>, cmd: {:move, 200, 8, 42}, uid: {0, 14}}], leaderCommit: 27, leaderId: 0, prevLogIndex: 27, prevLogTerm: 1, term: 1}
00:08:08.214730: CLIENT 0: send to server: {:CLIENT_REQUEST, %{clientP: #PID<0.182.0>, cmd: {:move, 662, 52, 66}, uid: {0, 15}}}
00:08:08.219766: 1_FOLLOWER@1: accept %{entries: [%{clientP: #PID<17858.182.0>, cmd: {:move, 438, 77, 92}, uid: {1, 15}}], leaderCommit: 28, leaderId: 0, prevLogIndex: 28, prevLogTerm: 1, term: 1}
00:08:08.219828: 1_FOLLOWER@3: accept %{entries: [%{clientP: #PID<17858.182.0>, cmd: {:move, 438, 77, 92}, uid: {1, 15}}], leaderCommit: 28, leaderId: 0, prevLogIndex: 28, prevLogTerm: 1, term: 1}
00:08:08.219819: 1_FOLLOWER@2: accept %{entries: [%{clientP: #PID<17858.182.0>, cmd: {:move, 438, 77, 92}, uid: {1, 15}}], leaderCommit: 28, leaderId: 0, prevLogIndex: 28, prevLogTerm: 1, term: 1}
00:08:08.219884: 1_FOLLOWER@4: accept %{entries: [%{clientP: #PID<17858.182.0>, cmd: {:move, 438, 77, 92}, uid: {1, 15}}], leaderCommit: 28, leaderId: 0, prevLogIndex: 28, prevLogTerm: 1, term: 1}
00:08:08.219878: 1_LEADER@0: send client confirmation {1, 15}
00:08:08.225622: CLIENT 1: send to server: {:CLIENT_REQUEST, %{clientP: #PID<0.182.0>, cmd: {:move, 66, 69, 93}, uid: {1, 16}}}
00:08:08.231079: 1_FOLLOWER@1: accept %{entries: [%{clientP: #PID<17859.182.0>, cmd: {:move, 662, 52, 66}, uid: {0, 15}}], leaderCommit: 29, leaderId: 0, prevLogIndex: 29, prevLogTerm: 1, term: 1}
00:08:08.231142: 1_FOLLOWER@2: accept %{entries: [%{clientP: #PID<17859.182.0>, cmd: {:move, 662, 52, 66}, uid: {0, 15}}], leaderCommit: 29, leaderId: 0, prevLogIndex: 29, prevLogTerm: 1, term: 1}
00:08:08.231180: 1_LEADER@0: send client confirmation {0, 15}
00:08:08.231190: 1_FOLLOWER@3: accept %{entries: [%{clientP: #PID<17859.182.0>, cmd: {:move, 662, 52, 66}, uid: {0, 15}}], leaderCommit: 29, leaderId: 0, prevLogIndex: 29, prevLogTerm: 1, term: 1}
00:08:08.231201: 1_FOLLOWER@4: accept %{entries: [%{clientP: #PID<17859.182.0>, cmd: {:move, 662, 52, 66}, uid: {0, 15}}], leaderCommit: 29, leaderId: 0, prevLogIndex: 29, prevLogTerm: 1, term: 1}
00:08:08.236750: CLIENT 0: send to server: {:CLIENT_REQUEST, %{clientP: #PID<0.182.0>, cmd: {:move, 700, 83, 24}, uid: {0, 16}}}
00:08:08.242077: 1_FOLLOWER@1: accept %{entries: [%{clientP: #PID<17858.182.0>, cmd: {:move, 66, 69, 93}, uid: {1, 16}}], leaderCommit: 30, leaderId: 0, prevLogIndex: 30, prevLogTerm: 1, term: 1}
00:08:08.242223: 1_FOLLOWER@2: accept %{entries: [%{clientP: #PID<17858.182.0>, cmd: {:move, 66, 69, 93}, uid: {1, 16}}], leaderCommit: 30, leaderId: 0, prevLogIndex: 30, prevLogTerm: 1, term: 1}
00:08:08.242250: 1_FOLLOWER@3: accept %{entries: [%{clientP: #PID<17858.182.0>, cmd: {:move, 66, 69, 93}, uid: {1, 16}}], leaderCommit: 30, leaderId: 0, prevLogIndex: 30, prevLogTerm: 1, term: 1}
00:08:08.242261: 1_FOLLOWER@4: accept %{entries: [%{clientP: #PID<17858.182.0>, cmd: {:move, 66, 69, 93}, uid: {1, 16}}], leaderCommit: 30, leaderId: 0, prevLogIndex: 30, prevLogTerm: 1, term: 1}
00:08:08.242297: 1_LEADER@0: send client confirmation {1, 16}
00:08:08.248764: CLIENT 1: send to server: {:CLIENT_REQUEST, %{clientP: #PID<0.182.0>, cmd: {:move, 827, 60, 32}, uid: {1, 17}}}
00:08:08.253107: 1_FOLLOWER@1: accept %{entries: [%{clientP: #PID<17859.182.0>, cmd: {:move, 700, 83, 24}, uid: {0, 16}}], leaderCommit: 31, leaderId: 0, prevLogIndex: 31, prevLogTerm: 1, term: 1}
00:08:08.253232: 1_FOLLOWER@3: accept %{entries: [%{clientP: #PID<17859.182.0>, cmd: {:move, 700, 83, 24}, uid: {0, 16}}], leaderCommit: 31, leaderId: 0, prevLogIndex: 31, prevLogTerm: 1, term: 1}
00:08:08.253236: 1_FOLLOWER@2: accept %{entries: [%{clientP: #PID<17859.182.0>, cmd: {:move, 700, 83, 24}, uid: {0, 16}}], leaderCommit: 31, leaderId: 0, prevLogIndex: 31, prevLogTerm: 1, term: 1}
00:08:08.253319: 1_FOLLOWER@4: accept %{entries: [%{clientP: #PID<17859.182.0>, cmd: {:move, 700, 83, 24}, uid: {0, 16}}], leaderCommit: 31, leaderId: 0, prevLogIndex: 31, prevLogTerm: 1, term: 1}
00:08:08.253341: 1_LEADER@0: send client confirmation {0, 16}
00:08:08.259887: CLIENT 0: send to server: {:CLIENT_REQUEST, %{clientP: #PID<0.182.0>, cmd: {:move, 764, 64, 68}, uid: {0, 17}}}
00:08:08.264025: 1_FOLLOWER@1: accept %{entries: [%{clientP: #PID<17858.182.0>, cmd: {:move, 827, 60, 32}, uid: {1, 17}}], leaderCommit: 32, leaderId: 0, prevLogIndex: 32, prevLogTerm: 1, term: 1}
00:08:08.264266: 1_FOLLOWER@4: accept %{entries: [%{clientP: #PID<17858.182.0>, cmd: {:move, 827, 60, 32}, uid: {1, 17}}], leaderCommit: 32, leaderId: 0, prevLogIndex: 32, prevLogTerm: 1, term: 1}
00:08:08.264137: 1_FOLLOWER@2: accept %{entries: [%{clientP: #PID<17858.182.0>, cmd: {:move, 827, 60, 32}, uid: {1, 17}}], leaderCommit: 32, leaderId: 0, prevLogIndex: 32, prevLogTerm: 1, term: 1}
00:08:08.264158: 1_FOLLOWER@3: accept %{entries: [%{clientP: #PID<17858.182.0>, cmd: {:move, 827, 60, 32}, uid: {1, 17}}], leaderCommit: 32, leaderId: 0, prevLogIndex: 32, prevLogTerm: 1, term: 1}
00:08:08.264226: 1_LEADER@0: send client confirmation {1, 17}
00:08:08.270785: CLIENT 1: send to server: {:CLIENT_REQUEST, %{clientP: #PID<0.182.0>, cmd: {:move, 859, 85, 14}, uid: {1, 18}}}
00:08:08.275176: 1_FOLLOWER@1: accept %{entries: [%{clientP: #PID<17859.182.0>, cmd: {:move, 764, 64, 68}, uid: {0, 17}}], leaderCommit: 33, leaderId: 0, prevLogIndex: 33, prevLogTerm: 1, term: 1}
00:08:08.275311: 1_LEADER@0: send client confirmation {0, 17}
00:08:08.275352: 1_FOLLOWER@4: accept %{entries: [%{clientP: #PID<17859.182.0>, cmd: {:move, 764, 64, 68}, uid: {0, 17}}], leaderCommit: 33, leaderId: 0, prevLogIndex: 33, prevLogTerm: 1, term: 1}
00:08:08.275388: 1_FOLLOWER@2: accept %{entries: [%{clientP: #PID<17859.182.0>, cmd: {:move, 764, 64, 68}, uid: {0, 17}}], leaderCommit: 33, leaderId: 0, prevLogIndex: 33, prevLogTerm: 1, term: 1}
00:08:08.275407: 1_FOLLOWER@3: accept %{entries: [%{clientP: #PID<17859.182.0>, cmd: {:move, 764, 64, 68}, uid: {0, 17}}], leaderCommit: 33, leaderId: 0, prevLogIndex: 33, prevLogTerm: 1, term: 1}
00:08:08.281871: CLIENT 0: send to server: {:CLIENT_REQUEST, %{clientP: #PID<0.182.0>, cmd: {:move, 761, 44, 100}, uid: {0, 18}}}
00:08:08.286538: 1_FOLLOWER@2: accept %{entries: [%{clientP: #PID<17858.182.0>, cmd: {:move, 859, 85, 14}, uid: {1, 18}}], leaderCommit: 34, leaderId: 0, prevLogIndex: 34, prevLogTerm: 1, term: 1}
00:08:08.286477: 1_FOLLOWER@1: accept %{entries: [%{clientP: #PID<17858.182.0>, cmd: {:move, 859, 85, 14}, uid: {1, 18}}], leaderCommit: 34, leaderId: 0, prevLogIndex: 34, prevLogTerm: 1, term: 1}
00:08:08.286584: 1_LEADER@0: send client confirmation {1, 18}
00:08:08.286570: 1_FOLLOWER@3: accept %{entries: [%{clientP: #PID<17858.182.0>, cmd: {:move, 859, 85, 14}, uid: {1, 18}}], leaderCommit: 34, leaderId: 0, prevLogIndex: 34, prevLogTerm: 1, term: 1}
00:08:08.286550: 1_FOLLOWER@4: accept %{entries: [%{clientP: #PID<17858.182.0>, cmd: {:move, 859, 85, 14}, uid: {1, 18}}], leaderCommit: 34, leaderId: 0, prevLogIndex: 34, prevLogTerm: 1, term: 1}
00:08:08.293769: CLIENT 1: send to server: {:CLIENT_REQUEST, %{clientP: #PID<0.182.0>, cmd: {:move, 847, 25, 14}, uid: {1, 19}}}
00:08:08.297154: 1_FOLLOWER@1: accept %{entries: [%{clientP: #PID<17859.182.0>, cmd: {:move, 761, 44, 100}, uid: {0, 18}}], leaderCommit: 35, leaderId: 0, prevLogIndex: 35, prevLogTerm: 1, term: 1}
00:08:08.297222: 1_FOLLOWER@2: accept %{entries: [%{clientP: #PID<17859.182.0>, cmd: {:move, 761, 44, 100}, uid: {0, 18}}], leaderCommit: 35, leaderId: 0, prevLogIndex: 35, prevLogTerm: 1, term: 1}
00:08:08.297300: 1_LEADER@0: send client confirmation {0, 18}
00:08:08.297335: 1_FOLLOWER@3: accept %{entries: [%{clientP: #PID<17859.182.0>, cmd: {:move, 761, 44, 100}, uid: {0, 18}}], leaderCommit: 35, leaderId: 0, prevLogIndex: 35, prevLogTerm: 1, term: 1}
00:08:08.297327: 1_FOLLOWER@4: accept %{entries: [%{clientP: #PID<17859.182.0>, cmd: {:move, 761, 44, 100}, uid: {0, 18}}], leaderCommit: 35, leaderId: 0, prevLogIndex: 35, prevLogTerm: 1, term: 1}
00:08:08.303866: CLIENT 0: send to server: {:CLIENT_REQUEST, %{clientP: #PID<0.182.0>, cmd: {:move, 772, 47, 82}, uid: {0, 19}}}
00:08:08.308184: 1_FOLLOWER@1: accept %{entries: [%{clientP: #PID<17858.182.0>, cmd: {:move, 847, 25, 14}, uid: {1, 19}}], leaderCommit: 36, leaderId: 0, prevLogIndex: 36, prevLogTerm: 1, term: 1}
00:08:08.308249: 1_FOLLOWER@2: accept %{entries: [%{clientP: #PID<17858.182.0>, cmd: {:move, 847, 25, 14}, uid: {1, 19}}], leaderCommit: 36, leaderId: 0, prevLogIndex: 36, prevLogTerm: 1, term: 1}
00:08:08.308299: 1_LEADER@0: send client confirmation {1, 19}
00:08:08.308297: 1_FOLLOWER@3: accept %{entries: [%{clientP: #PID<17858.182.0>, cmd: {:move, 847, 25, 14}, uid: {1, 19}}], leaderCommit: 36, leaderId: 0, prevLogIndex: 36, prevLogTerm: 1, term: 1}
00:08:08.308297: 1_FOLLOWER@4: accept %{entries: [%{clientP: #PID<17858.182.0>, cmd: {:move, 847, 25, 14}, uid: {1, 19}}], leaderCommit: 36, leaderId: 0, prevLogIndex: 36, prevLogTerm: 1, term: 1}
00:08:08.314799: CLIENT 1: send to server: {:CLIENT_REQUEST, %{clientP: #PID<0.182.0>, cmd: {:move, 999, 19, 94}, uid: {1, 20}}}
00:08:08.319160: 1_FOLLOWER@1: accept %{entries: [%{clientP: #PID<17859.182.0>, cmd: {:move, 772, 47, 82}, uid: {0, 19}}], leaderCommit: 37, leaderId: 0, prevLogIndex: 37, prevLogTerm: 1, term: 1}
00:08:08.319249: 1_FOLLOWER@2: accept %{entries: [%{clientP: #PID<17859.182.0>, cmd: {:move, 772, 47, 82}, uid: {0, 19}}], leaderCommit: 37, leaderId: 0, prevLogIndex: 37, prevLogTerm: 1, term: 1}
00:08:08.319333: 1_LEADER@0: send client confirmation {0, 19}
00:08:08.319482: 1_FOLLOWER@4: accept %{entries: [%{clientP: #PID<17859.182.0>, cmd: {:move, 772, 47, 82}, uid: {0, 19}}], leaderCommit: 37, leaderId: 0, prevLogIndex: 37, prevLogTerm: 1, term: 1}
00:08:08.319497: 1_FOLLOWER@3: accept %{entries: [%{clientP: #PID<17859.182.0>, cmd: {:move, 772, 47, 82}, uid: {0, 19}}], leaderCommit: 37, leaderId: 0, prevLogIndex: 37, prevLogTerm: 1, term: 1}
Disaster reference name %{"a" => 0, "leader" => 0}
00:08:08.324521: 1_LEADER@0: AFFECTED BY offline
00:08:08.325840: CLIENT 0: send to server: {:CLIENT_REQUEST, %{clientP: #PID<0.182.0>, cmd: {:move, 437, 13, 84}, uid: {0, 20}}}
Disaster reference name %{"a" => 0, "b" => 1, "leader" => 0}
00:08:08.337451: 1_FOLLOWER@1: AFFECTED BY timeout
00:08:08.340974: 2_CANDIDATE@1: vote request from 1, true,  -> 1
00:08:08.341356: 1_FOLLOWER@2: Higher term found {:VOTE_REQUEST, %{candidateId: 1, lastLogIndex: 38, lastLogTerm: 1, term: 2}}
00:08:08.341416: 1_FOLLOWER@4: Higher term found {:VOTE_REQUEST, %{candidateId: 1, lastLogIndex: 38, lastLogTerm: 1, term: 2}}
00:08:08.341435: 1_FOLLOWER@3: Higher term found {:VOTE_REQUEST, %{candidateId: 1, lastLogIndex: 38, lastLogTerm: 1, term: 2}}
00:08:08.341872: 2_FOLLOWER@2: give will: {:VOTE_REQUEST, %{candidateId: 1, lastLogIndex: 38, lastLogTerm: 1, term: 2}}
00:08:08.342039: 2_FOLLOWER@3: give will: {:VOTE_REQUEST, %{candidateId: 1, lastLogIndex: 38, lastLogTerm: 1, term: 2}}
00:08:08.342076: 2_FOLLOWER@4: give will: {:VOTE_REQUEST, %{candidateId: 1, lastLogIndex: 38, lastLogTerm: 1, term: 2}}
00:08:08.342334: 2_FOLLOWER@2: vote request from 1, true,  -> 1
00:08:08.342412: 2_FOLLOWER@3: vote request from 1, true,  -> 1
00:08:08.342594: 2_FOLLOWER@4: vote request from 1, true,  -> 1
00:08:08.346740: 2_LEADER@1: switched to LEADER
Disaster reference name %{"a" => 0, "b" => 1, "leader" => 1}
00:08:08.821073: 2_FOLLOWER@2: accept %{entries: [%{clientP: #PID<17858.182.0>, cmd: {:move, 999, 19, 94}, uid: {1, 20}}], leaderCommit: 37, leaderId: 1, prevLogIndex: 38, prevLogTerm: 1, term: 2}
00:08:08.821142: 2_FOLLOWER@4: accept %{entries: [%{clientP: #PID<17858.182.0>, cmd: {:move, 999, 19, 94}, uid: {1, 20}}], leaderCommit: 37, leaderId: 1, prevLogIndex: 38, prevLogTerm: 1, term: 2}
00:08:08.821143: 2_FOLLOWER@3: accept %{entries: [%{clientP: #PID<17858.182.0>, cmd: {:move, 999, 19, 94}, uid: {1, 20}}], leaderCommit: 37, leaderId: 1, prevLogIndex: 38, prevLogTerm: 1, term: 2}
00:08:08.821510: 2_LEADER@1: send client confirmation {0, 19}
00:08:08.822031: 2_LEADER@1: send client confirmation {1, 20}
Disaster reference name %{"a" => 0, "b" => 1, "leader" => 1}
00:08:08.824654: 2_LEADER@1: AFFECTED BY offline
00:08:08.827894: CLIENT 0: send to server: {:CLIENT_REQUEST, %{clientP: #PID<0.182.0>, cmd: {:move, 101, 26, 85}, uid: {0, 21}}}
00:08:08.828877: CLIENT 1: send to server: {:CLIENT_REQUEST, %{clientP: #PID<0.182.0>, cmd: {:move, 508, 43, 52}, uid: {1, 21}}}
Disaster reference name %{"a" => 0, "b" => 1, "c" => 2, "leader" => 1}
00:08:08.837769: 2_FOLLOWER@2: AFFECTED BY timeout
00:08:08.840989: 3_CANDIDATE@2: vote request from 2, true,  -> 2
00:08:08.841380: 2_FOLLOWER@4: Higher term found {:VOTE_REQUEST, %{candidateId: 2, lastLogIndex: 39, lastLogTerm: 2, term: 3}}
00:08:08.841376: 2_FOLLOWER@3: Higher term found {:VOTE_REQUEST, %{candidateId: 2, lastLogIndex: 39, lastLogTerm: 2, term: 3}}
00:08:08.842077: 3_FOLLOWER@4: give will: {:VOTE_REQUEST, %{candidateId: 2, lastLogIndex: 39, lastLogTerm: 2, term: 3}}
00:08:08.842204: 3_FOLLOWER@3: give will: {:VOTE_REQUEST, %{candidateId: 2, lastLogIndex: 39, lastLogTerm: 2, term: 3}}
00:08:08.842733: 3_FOLLOWER@4: vote request from 2, true,  -> 2
00:08:08.842775: 3_FOLLOWER@3: vote request from 2, true,  -> 2
00:08:08.847126: 3_LEADER@2: switched to LEADER
Disaster reference name %{"a" => 0, "b" => 1, "c" => 2, "leader" => 2}
Disaster reference name %{"a" => 0, "b" => 1, "c" => 2, "leader" => 2}
00:08:09.324489: 3_LEADER@2: AFFECTED BY offline
Disaster reference name %{"a" => 0, "b" => 1, "c" => 2, "leader" => 2}
00:08:09.424579: 1_LEADER@0: AFFECTED BY online
00:08:09.425170: 1_LEADER@0: switched to LEADER
Disaster reference name %{"a" => 0, "b" => 1, "c" => 2, "leader" => 0}
00:08:09.426525: 1_LEADER@0: Higher term found {:APE_REPLY, %{id: 4, length: 0, success: false, term: 3}}
00:08:09.433648: 4_CANDIDATE@3: vote request from 3, true,  -> 3
00:08:09.433916: 3_FOLLOWER@0: Higher term found {:VOTE_REQUEST, %{candidateId: 3, lastLogIndex: 39, lastLogTerm: 2, term: 4}}
00:08:09.434066: 3_FOLLOWER@4: Higher term found {:VOTE_REQUEST, %{candidateId: 3, lastLogIndex: 39, lastLogTerm: 2, term: 4}}
00:08:09.434476: 4_FOLLOWER@0: give will: {:VOTE_REQUEST, %{candidateId: 3, lastLogIndex: 39, lastLogTerm: 2, term: 4}}
00:08:09.434530: 4_FOLLOWER@4: give will: {:VOTE_REQUEST, %{candidateId: 3, lastLogIndex: 39, lastLogTerm: 2, term: 4}}
00:08:09.434969: 4_FOLLOWER@0: vote request from 3, true,  -> 3
00:08:09.435110: 4_FOLLOWER@4: vote request from 3, true,  -> 3
00:08:09.439339: 4_LEADER@3: switched to LEADER
Disaster reference name %{"a" => 0, "b" => 1, "c" => 2, "leader" => 3}
dec %{commit_index: 37, config: %{append_entries_timeout: 10, client_requests: 100, client_sleep: 5, client_stop: 60000, client_timeout: 500, debug_level: 10, disasters: [%{id: 0, ref: "a", t: 0, type: "timeout"}, %{id: "a", t: 500, type: "offline"}, %{id: 1, ref: "b", t: 510, type: "timeout"}, %{id: "b", t: 1000, type: "offline"}, %{id: 2, ref: "c", t: 1010, type: "timeout"}, %{id: "c", t: 1500, type: "offline"}, %{id: "a", t: 1600, type: "online"}], election_timeout: 100, max_amount: 1000, max_time: 6000, monitorP: #PID<17523.178.0>, n_accounts: 100, n_clients: 2, n_servers: 5, node_suffix: "04_jc5616@127.0.0.1", print_after: 500, raftP: #PID<17523.98.0>, show_role_switch: false, show_server: true, start_function: :multi_node_start}, curr_term: 4, databaseP: #PID<0.182.0>, election_timer: nil, id: 3, last_applied: 37, leader: 0, log: [{%{clientP: #PID<17858.182.0>, cmd: {:move, 133, 57, 46}, uid: {1, 1}}, 1}, {%{clientP: #PID<17859.182.0>, cmd: {:move, 230, 77, 92}, uid: {0, 1}}, 1}, {%{clientP: #PID<17858.182.0>, cmd: {:move, 809, 97, 82}, uid: {1, 2}}, 1}, {%{clientP: #PID<17859.182.0>, cmd: {:move, 260, 13, 19}, uid: {0, 2}}, 1}, {%{clientP: #PID<17858.182.0>, cmd: {:move, 936, 83, 86}, uid: {1, 3}}, 1}, {%{clientP: #PID<17859.182.0>, cmd: {:move, 775, 10, 75}, uid: {0, 3}}, 1}, {%{clientP: #PID<17858.182.0>, cmd: {:move, 924, 34, 57}, uid: {1, 4}}, 1}, {%{clientP: #PID<17859.182.0>, cmd: {:move, 448, 37, 27}, uid: {0, 4}}, 1}, {%{clientP: #PID<17858.182.0>, cmd: {:move, 22, 55, 73}, uid: {1, 5}}, 1}, {%{clientP: #PID<17859.182.0>, cmd: {:move, 3, 2, 100}, uid: {0, 5}}, 1}, {%{clientP: #PID<17858.182.0>, cmd: {:move, 597, 18, 72}, uid: {1, 6}}, 1}, {%{clientP: #PID<17859.182.0>, cmd: {:move, 148, 79, 30}, uid: {0, 6}}, 1}, {%{clientP: #PID<17858.182.0>, cmd: {:move, 919, 16, 25}, uid: {1, 7}}, 1}, {%{clientP: #PID<17859.182.0>, cmd: {:move, 950, 65, 99}, uid: {0, 7}}, 1}, {%{clientP: #PID<17858.182.0>, cmd: {:move, 35, 54, 32}, uid: {1, 8}}, 1}, {%{clientP: #PID<17859.182.0>, cmd: {:move, 360, 76, 25}, uid: {0, 8}}, 1}, {%{clientP: #PID<17858.182.0>, cmd: {:move, 979, 11, 22}, uid: {1, 9}}, 1}, {%{clientP: #PID<17859.182.0>, cmd: {:move, 546, 43, 34}, uid: {0, 9}}, 1}, {%{clientP: #PID<17858.182.0>, cmd: {:move, 317, 85, 5}, uid: {1, 10}}, 1}, {%{clientP: #PID<17859.182.0>, cmd: {:move, 952, 47, 90}, uid: {0, 10}}, 1}, {%{clientP: #PID<17858.182.0>, cmd: {:move, 558, 11, 25}, uid: {1, 11}}, 1}, {%{clientP: #PID<17859.182.0>, cmd: {:move, 600, 57, 32}, uid: {0, 11}}, 1}, {%{clientP: #PID<17858.182.0>, cmd: {:move, 14, 43, 8}, uid: {1, 12}}, 1}, {%{clientP: #PID<17859.182.0>, cmd: {:move, 838, 20, 30}, uid: {0, 12}}, 1}, {%{clientP: #PID<17858.182.0>, cmd: {:move, 117, 31, 76}, uid: {1, 13}}, 1}, {%{clientP: #PID<17859.182.0>, cmd: {:move, 895, 67, 94}, uid: {0, 13}}, 1}, {%{clientP: #PID<17858.182.0>, cmd: {:move, 821, 91, 67}, uid: {1, 14}}, 1}, {%{clientP: #PID<17859.182.0>, cmd: {:move, 200, 8, 42}, uid: {0, 14}}, 1}, {%{clientP: #PID<17858.182.0>, cmd: {:move, 438, 77, 92}, uid: {1, 15}}, 1}, {%{clientP: #PID<17859.182.0>, cmd: {:move, 662, 52, 66}, uid: {0, 15}}, 1}, {%{clientP: #PID<17858.182.0>, cmd: {:move, 66, 69, 93}, uid: {1, 16}}, 1}, {%{clientP: #PID<17859.182.0>, cmd: {:move, 700, 83, 24}, uid: {0, 16}}, 1}, {%{clientP: #PID<17858.182.0>, cmd: {:move, 827, 60, 32}, uid: {1, 17}}, 1}, {%{clientP: #PID<17859.182.0>, cmd: {:move, 764, 64, 68}, uid: {0, 17}}, 1}, {%{clientP: #PID<17858.182.0>, cmd: {:move, 859, 85, ...}, uid: {1, 18}}, 1}, {%{clientP: #PID<17859.182.0>, cmd: {:move, 761, ...}, uid: {0, ...}}, 1}, {%{clientP: #PID<17858.182.0>, cmd: {:move, ...}, uid: {...}}, 1}, {%{clientP: #PID<17859.182.0>, cmd: {...}, ...}, 1}, {%{clientP: #PID<17858.182.0>, ...}, 2}], majority: 3, match_index: {0, 0, 0, 0, 0}, next_index: {40, 40, 40, 40, 40}, role: :LEADER, selfP: #PID<0.183.0>, servers: [#PID<17544.183.0>, #PID<17545.183.0>, #PID<17546.183.0>, #PID<0.183.0>, #PID<17547.183.0>], voted_for: 3, votes: 3}
dec %{commit_index: 37, config: %{append_entries_timeout: 10, client_requests: 100, client_sleep: 5, client_stop: 60000, client_timeout: 500, debug_level: 10, disasters: [%{id: 0, ref: "a", t: 0, type: "timeout"}, %{id: "a", t: 500, type: "offline"}, %{id: 1, ref: "b", t: 510, type: "timeout"}, %{id: "b", t: 1000, type: "offline"}, %{id: 2, ref: "c", t: 1010, type: "timeout"}, %{id: "c", t: 1500, type: "offline"}, %{id: "a", t: 1600, type: "online"}], election_timeout: 100, max_amount: 1000, max_time: 6000, monitorP: #PID<17523.178.0>, n_accounts: 100, n_clients: 2, n_servers: 5, node_suffix: "04_jc5616@127.0.0.1", print_after: 500, raftP: #PID<17523.98.0>, show_role_switch: false, show_server: true, start_function: :multi_node_start}, curr_term: 4, databaseP: #PID<0.182.0>, election_timer: nil, id: 3, last_applied: 37, leader: 0, log: [{%{clientP: #PID<17858.182.0>, cmd: {:move, 133, 57, 46}, uid: {1, 1}}, 1}, {%{clientP: #PID<17859.182.0>, cmd: {:move, 230, 77, 92}, uid: {0, 1}}, 1}, {%{clientP: #PID<17858.182.0>, cmd: {:move, 809, 97, 82}, uid: {1, 2}}, 1}, {%{clientP: #PID<17859.182.0>, cmd: {:move, 260, 13, 19}, uid: {0, 2}}, 1}, {%{clientP: #PID<17858.182.0>, cmd: {:move, 936, 83, 86}, uid: {1, 3}}, 1}, {%{clientP: #PID<17859.182.0>, cmd: {:move, 775, 10, 75}, uid: {0, 3}}, 1}, {%{clientP: #PID<17858.182.0>, cmd: {:move, 924, 34, 57}, uid: {1, 4}}, 1}, {%{clientP: #PID<17859.182.0>, cmd: {:move, 448, 37, 27}, uid: {0, 4}}, 1}, {%{clientP: #PID<17858.182.0>, cmd: {:move, 22, 55, 73}, uid: {1, 5}}, 1}, {%{clientP: #PID<17859.182.0>, cmd: {:move, 3, 2, 100}, uid: {0, 5}}, 1}, {%{clientP: #PID<17858.182.0>, cmd: {:move, 597, 18, 72}, uid: {1, 6}}, 1}, {%{clientP: #PID<17859.182.0>, cmd: {:move, 148, 79, 30}, uid: {0, 6}}, 1}, {%{clientP: #PID<17858.182.0>, cmd: {:move, 919, 16, 25}, uid: {1, 7}}, 1}, {%{clientP: #PID<17859.182.0>, cmd: {:move, 950, 65, 99}, uid: {0, 7}}, 1}, {%{clientP: #PID<17858.182.0>, cmd: {:move, 35, 54, 32}, uid: {1, 8}}, 1}, {%{clientP: #PID<17859.182.0>, cmd: {:move, 360, 76, 25}, uid: {0, 8}}, 1}, {%{clientP: #PID<17858.182.0>, cmd: {:move, 979, 11, 22}, uid: {1, 9}}, 1}, {%{clientP: #PID<17859.182.0>, cmd: {:move, 546, 43, 34}, uid: {0, 9}}, 1}, {%{clientP: #PID<17858.182.0>, cmd: {:move, 317, 85, 5}, uid: {1, 10}}, 1}, {%{clientP: #PID<17859.182.0>, cmd: {:move, 952, 47, 90}, uid: {0, 10}}, 1}, {%{clientP: #PID<17858.182.0>, cmd: {:move, 558, 11, 25}, uid: {1, 11}}, 1}, {%{clientP: #PID<17859.182.0>, cmd: {:move, 600, 57, 32}, uid: {0, 11}}, 1}, {%{clientP: #PID<17858.182.0>, cmd: {:move, 14, 43, 8}, uid: {1, 12}}, 1}, {%{clientP: #PID<17859.182.0>, cmd: {:move, 838, 20, 30}, uid: {0, 12}}, 1}, {%{clientP: #PID<17858.182.0>, cmd: {:move, 117, 31, 76}, uid: {1, 13}}, 1}, {%{clientP: #PID<17859.182.0>, cmd: {:move, 895, 67, 94}, uid: {0, 13}}, 1}, {%{clientP: #PID<17858.182.0>, cmd: {:move, 821, 91, 67}, uid: {1, 14}}, 1}, {%{clientP: #PID<17859.182.0>, cmd: {:move, 200, 8, 42}, uid: {0, 14}}, 1}, {%{clientP: #PID<17858.182.0>, cmd: {:move, 438, 77, 92}, uid: {1, 15}}, 1}, {%{clientP: #PID<17859.182.0>, cmd: {:move, 662, 52, 66}, uid: {0, 15}}, 1}, {%{clientP: #PID<17858.182.0>, cmd: {:move, 66, 69, 93}, uid: {1, 16}}, 1}, {%{clientP: #PID<17859.182.0>, cmd: {:move, 700, 83, 24}, uid: {0, 16}}, 1}, {%{clientP: #PID<17858.182.0>, cmd: {:move, 827, 60, 32}, uid: {1, 17}}, 1}, {%{clientP: #PID<17859.182.0>, cmd: {:move, 764, 64, 68}, uid: {0, 17}}, 1}, {%{clientP: #PID<17858.182.0>, cmd: {:move, 859, 85, ...}, uid: {1, 18}}, 1}, {%{clientP: #PID<17859.182.0>, cmd: {:move, 761, ...}, uid: {0, ...}}, 1}, {%{clientP: #PID<17858.182.0>, cmd: {:move, ...}, uid: {...}}, 1}, {%{clientP: #PID<17859.182.0>, cmd: {...}, ...}, 1}, {%{clientP: #PID<17858.182.0>, ...}, 2}], majority: 3, match_index: {0, 0, 0, 0, 0}, next_index: {39, 40, 40, 40, 40}, role: :LEADER, selfP: #PID<0.183.0>, servers: [#PID<17544.183.0>, #PID<17545.183.0>, #PID<17546.183.0>, #PID<0.183.0>, #PID<17547.183.0>], voted_for: 3, votes: 3}
00:08:09.451875: 4_FOLLOWER@0: accept %{entries: [%{clientP: #PID<17812.182.0>, cmd: {:move, 999, 19, 94}, uid: {1, 20}}], leaderCommit: 37, leaderId: 3, prevLogIndex: 38, prevLogTerm: 1, term: 4}
00:08:09.452647: 4_FOLLOWER@0: accept %{entries: [%{clientP: #PID<17812.182.0>, cmd: {:move, 999, 19, 94}, uid: {1, 20}}], leaderCommit: 37, leaderId: 3, prevLogIndex: 38, prevLogTerm: 1, term: 4}

00:08:09.467 [error] Process #PID<17676.183.0> on node :"server3_04_jc5616@127.0.0.1" raised an exception
** (ArgumentError) argument error
    :erlang.element(2, nil)
    (raft 0.1.0) lib/state.ex:98: State.get_log/2
    (raft 0.1.0) lib/leader.ex:105: Leader.ape/2
    (raft 0.1.0) lib/leader.ex:39: Leader.next/1
    (raft 0.1.0) lib/server.ex:31: Server.next/1

00:08:09.479 [error] Process #PID<0.183.0> on node :"server3_04_jc5616@127.0.0.1" raised an exception
** (ArgumentError) argument error
    :erlang.element(2, nil)
    (raft 0.1.0) lib/state.ex:98: State.get_log/2
    (raft 0.1.0) lib/leader.ex:105: Leader.ape/2
    (raft 0.1.0) lib/leader.ex:39: Leader.next/1
    (raft 0.1.0) lib/server.ex:31: Server.next/1
00:08:09.573006: 5_CANDIDATE@0: vote request from 0, true,  -> 0
00:08:09.573675: 4_FOLLOWER@4: Higher term found {:VOTE_REQUEST, %{candidateId: 0, lastLogIndex: 40, lastLogTerm: 4, term: 5}}
00:08:09.574246: 5_FOLLOWER@4: give will: {:VOTE_REQUEST, %{candidateId: 0, lastLogIndex: 40, lastLogTerm: 4, term: 5}}
00:08:09.574745: 5_FOLLOWER@4: vote request from 0, true,  -> 0
00:08:09.748871: 6_CANDIDATE@0: vote request from 0, true,  -> 0
00:08:09.749483: 5_FOLLOWER@4: Higher term found {:VOTE_REQUEST, %{candidateId: 0, lastLogIndex: 40, lastLogTerm: 4, term: 6}}
00:08:09.750109: 6_FOLLOWER@4: give will: {:VOTE_REQUEST, %{candidateId: 0, lastLogIndex: 40, lastLogTerm: 4, term: 6}}
00:08:09.750594: 6_FOLLOWER@4: vote request from 0, true,  -> 0
00:08:09.860448: 7_CANDIDATE@4: vote request from 4, true,  -> 4
00:08:09.860872: 6_CANDIDATE@0: Higher term found {:VOTE_REQUEST, %{candidateId: 4, lastLogIndex: 39, lastLogTerm: 2, term: 7}}
00:08:09.861454: 7_FOLLOWER@0: give will: {:VOTE_REQUEST, %{candidateId: 4, lastLogIndex: 39, lastLogTerm: 2, term: 7}}
00:08:10.030994: 8_CANDIDATE@0: vote request from 0, true,  -> 0
00:08:10.031728: 7_CANDIDATE@4: Higher term found {:VOTE_REQUEST, %{candidateId: 0, lastLogIndex: 40, lastLogTerm: 4, term: 8}}
00:08:10.032437: 8_FOLLOWER@4: give will: {:VOTE_REQUEST, %{candidateId: 0, lastLogIndex: 40, lastLogTerm: 4, term: 8}}
00:08:10.033040: 8_FOLLOWER@4: vote request from 0, true,  -> 0
00:08:10.206891: 9_CANDIDATE@0: vote request from 0, true,  -> 0
00:08:10.207579: 8_FOLLOWER@4: Higher term found {:VOTE_REQUEST, %{candidateId: 0, lastLogIndex: 40, lastLogTerm: 4, term: 9}}
00:08:10.208166: 9_FOLLOWER@4: give will: {:VOTE_REQUEST, %{candidateId: 0, lastLogIndex: 40, lastLogTerm: 4, term: 9}}
00:08:10.208664: 9_FOLLOWER@4: vote request from 0, true,  -> 0
00:08:10.369703: 10_CANDIDATE@4: vote request from 4, true,  -> 4
00:08:10.369734: 10_CANDIDATE@0: vote request from 0, true,  -> 0
00:08:10.474068: 11_CANDIDATE@0: vote request from 0, true,  -> 0
00:08:10.474709: 10_CANDIDATE@4: Higher term found {:VOTE_REQUEST, %{candidateId: 0, lastLogIndex: 40, lastLogTerm: 4, term: 11}}
00:08:10.475522: 11_FOLLOWER@4: give will: {:VOTE_REQUEST, %{candidateId: 0, lastLogIndex: 40, lastLogTerm: 4, term: 11}}
00:08:10.476114: 11_FOLLOWER@4: vote request from 0, true,  -> 0
00:08:10.608938: 12_CANDIDATE@0: vote request from 0, true,  -> 0
00:08:10.609536: 11_FOLLOWER@4: Higher term found {:VOTE_REQUEST, %{candidateId: 0, lastLogIndex: 40, lastLogTerm: 4, term: 12}}
00:08:10.610175: 12_FOLLOWER@4: give will: {:VOTE_REQUEST, %{candidateId: 0, lastLogIndex: 40, lastLogTerm: 4, term: 12}}
00:08:10.610715: 12_FOLLOWER@4: vote request from 0, true,  -> 0
00:08:10.710920: 13_CANDIDATE@0: vote request from 0, true,  -> 0
00:08:10.711627: 12_FOLLOWER@4: Higher term found {:VOTE_REQUEST, %{candidateId: 0, lastLogIndex: 40, lastLogTerm: 4, term: 13}}
00:08:10.712212: 13_FOLLOWER@4: give will: {:VOTE_REQUEST, %{candidateId: 0, lastLogIndex: 40, lastLogTerm: 4, term: 13}}
00:08:10.712725: 13_FOLLOWER@4: vote request from 0, true,  -> 0
00:08:10.844877: 14_CANDIDATE@0: vote request from 0, true,  -> 0
00:08:10.845531: 13_FOLLOWER@4: Higher term found {:VOTE_REQUEST, %{candidateId: 0, lastLogIndex: 40, lastLogTerm: 4, term: 14}}
00:08:10.846136: 14_FOLLOWER@4: give will: {:VOTE_REQUEST, %{candidateId: 0, lastLogIndex: 40, lastLogTerm: 4, term: 14}}
00:08:10.846701: 14_FOLLOWER@4: vote request from 0, true,  -> 0
00:08:10.959867: 15_CANDIDATE@0: vote request from 0, true,  -> 0
00:08:10.960521: 14_FOLLOWER@4: Higher term found {:VOTE_REQUEST, %{candidateId: 0, lastLogIndex: 40, lastLogTerm: 4, term: 15}}
00:08:10.961202: 15_FOLLOWER@4: give will: {:VOTE_REQUEST, %{candidateId: 0, lastLogIndex: 40, lastLogTerm: 4, term: 15}}
00:08:10.961731: 15_FOLLOWER@4: vote request from 0, true,  -> 0
00:08:11.105994: 16_CANDIDATE@0: vote request from 0, true,  -> 0
00:08:11.106736: 15_FOLLOWER@4: Higher term found {:VOTE_REQUEST, %{candidateId: 0, lastLogIndex: 40, lastLogTerm: 4, term: 16}}
00:08:11.107529: 16_FOLLOWER@4: give will: {:VOTE_REQUEST, %{candidateId: 0, lastLogIndex: 40, lastLogTerm: 4, term: 16}}
00:08:11.108097: 16_FOLLOWER@4: vote request from 0, true,  -> 0
00:08:11.242562: 17_CANDIDATE@4: vote request from 4, true,  -> 4
00:08:11.243280: 16_CANDIDATE@0: Higher term found {:VOTE_REQUEST, %{candidateId: 4, lastLogIndex: 39, lastLogTerm: 2, term: 17}}
00:08:11.244079: 17_FOLLOWER@0: give will: {:VOTE_REQUEST, %{candidateId: 4, lastLogIndex: 39, lastLogTerm: 2, term: 17}}
00:08:11.367693: 18_CANDIDATE@4: vote request from 4, true,  -> 4
00:08:11.368225: 17_FOLLOWER@0: Higher term found {:VOTE_REQUEST, %{candidateId: 4, lastLogIndex: 39, lastLogTerm: 2, term: 18}}
00:08:11.369171: 18_FOLLOWER@0: give will: {:VOTE_REQUEST, %{candidateId: 4, lastLogIndex: 39, lastLogTerm: 2, term: 18}}
00:08:11.485691: 19_CANDIDATE@4: vote request from 4, true,  -> 4
00:08:11.486293: 18_FOLLOWER@0: Higher term found {:VOTE_REQUEST, %{candidateId: 4, lastLogIndex: 39, lastLogTerm: 2, term: 19}}
00:08:11.487029: 19_FOLLOWER@0: give will: {:VOTE_REQUEST, %{candidateId: 4, lastLogIndex: 39, lastLogTerm: 2, term: 19}}
00:08:11.647831: 20_CANDIDATE@0: vote request from 0, true,  -> 0
00:08:11.648515: 19_CANDIDATE@4: Higher term found {:VOTE_REQUEST, %{candidateId: 0, lastLogIndex: 40, lastLogTerm: 4, term: 20}}
00:08:11.649192: 20_FOLLOWER@4: give will: {:VOTE_REQUEST, %{candidateId: 0, lastLogIndex: 40, lastLogTerm: 4, term: 20}}
00:08:11.649839: 20_FOLLOWER@4: vote request from 0, true,  -> 0
00:08:11.799038: 21_CANDIDATE@0: vote request from 0, true,  -> 0
00:08:11.799799: 20_FOLLOWER@4: Higher term found {:VOTE_REQUEST, %{candidateId: 0, lastLogIndex: 40, lastLogTerm: 4, term: 21}}
00:08:11.800438: 21_FOLLOWER@4: give will: {:VOTE_REQUEST, %{candidateId: 0, lastLogIndex: 40, lastLogTerm: 4, term: 21}}
00:08:11.801024: 21_FOLLOWER@4: vote request from 0, true,  -> 0
00:08:11.909763: 22_CANDIDATE@0: vote request from 0, true,  -> 0
00:08:11.910326: 21_FOLLOWER@4: Higher term found {:VOTE_REQUEST, %{candidateId: 0, lastLogIndex: 40, lastLogTerm: 4, term: 22}}
00:08:11.910887: 22_FOLLOWER@4: give will: {:VOTE_REQUEST, %{candidateId: 0, lastLogIndex: 40, lastLogTerm: 4, term: 22}}
00:08:11.911453: 22_FOLLOWER@4: vote request from 0, true,  -> 0
00:08:12.024627: 23_CANDIDATE@4: vote request from 4, true,  -> 4
00:08:12.025199: 22_CANDIDATE@0: Higher term found {:VOTE_REQUEST, %{candidateId: 4, lastLogIndex: 39, lastLogTerm: 2, term: 23}}
00:08:12.025785: 23_FOLLOWER@0: give will: {:VOTE_REQUEST, %{candidateId: 4, lastLogIndex: 39, lastLogTerm: 2, term: 23}}
00:08:12.130940: 24_CANDIDATE@0: vote request from 0, true,  -> 0
00:08:12.131686: 23_CANDIDATE@4: Higher term found {:VOTE_REQUEST, %{candidateId: 0, lastLogIndex: 40, lastLogTerm: 4, term: 24}}
00:08:12.132310: 24_FOLLOWER@4: give will: {:VOTE_REQUEST, %{candidateId: 0, lastLogIndex: 40, lastLogTerm: 4, term: 24}}
00:08:12.132859: 24_FOLLOWER@4: vote request from 0, true,  -> 0
00:08:12.324010: 25_CANDIDATE@0: vote request from 0, true,  -> 0
00:08:12.324680: 24_FOLLOWER@4: Higher term found {:VOTE_REQUEST, %{candidateId: 0, lastLogIndex: 40, lastLogTerm: 4, term: 25}}
00:08:12.325445: 25_FOLLOWER@4: give will: {:VOTE_REQUEST, %{candidateId: 0, lastLogIndex: 40, lastLogTerm: 4, term: 25}}
00:08:12.325992: 25_FOLLOWER@4: vote request from 0, true,  -> 0
Exiting server3_04_jc5616@127.0.0.1
Exiting server0_04_jc5616@127.0.0.1
Exiting server4_04_jc5616@127.0.0.1
Exiting server1_04_jc5616@127.0.0.1
Exiting client1_04_jc5616@127.0.0.1
00:08:12.476600: 26_CANDIDATE@0: vote request from 0, true,  -> 0
00:08:12.476824: 25_FOLLOWER@4: Higher term found {:VOTE_REQUEST, %{candidateId: 0, lastLogIndex: 40, lastLogTerm: 4, term: 26}}
00:08:12.476953: 26_FOLLOWER@4: give will: {:VOTE_REQUEST, %{candidateId: 0, lastLogIndex: 40, lastLogTerm: 4, term: 26}}
00:08:12.477053: 26_FOLLOWER@4: vote request from 0, true,  -> 0
Exiting client0_04_jc5616@127.0.0.1
00:08:12.589882: 27_CANDIDATE@0: vote request from 0, true,  -> 0
00:08:12.590557: 26_FOLLOWER@4: Higher term found {:VOTE_REQUEST, %{candidateId: 0, lastLogIndex: 40, lastLogTerm: 4, term: 27}}
00:08:12.591253: 27_FOLLOWER@4: give will: {:VOTE_REQUEST, %{candidateId: 0, lastLogIndex: 40, lastLogTerm: 4, term: 27}}
00:08:12.591879: 27_FOLLOWER@4: vote request from 0, true,  -> 0
Exiting server2_04_jc5616@127.0.0.1
00:08:12.693889: 28_CANDIDATE@0: vote request from 0, true,  -> 0
00:08:12.694650: 27_FOLLOWER@4: Higher term found {:VOTE_REQUEST, %{candidateId: 0, lastLogIndex: 40, lastLogTerm: 4, term: 28}}
00:08:12.695304: 28_FOLLOWER@4: give will: {:VOTE_REQUEST, %{candidateId: 0, lastLogIndex: 40, lastLogTerm: 4, term: 28}}
00:08:12.695823: 28_FOLLOWER@4: vote request from 0, true,  -> 0
00:08:12.824676: 29_CANDIDATE@4: vote request from 4, true,  -> 4
00:08:12.825264: 28_CANDIDATE@0: Higher term found {:VOTE_REQUEST, %{candidateId: 4, lastLogIndex: 39, lastLogTerm: 2, term: 29}}
00:08:12.825997: 29_FOLLOWER@0: give will: {:VOTE_REQUEST, %{candidateId: 4, lastLogIndex: 39, lastLogTerm: 2, term: 29}}
00:08:12.982615: 30_CANDIDATE@4: vote request from 4, true,  -> 4
00:08:12.983262: 29_FOLLOWER@0: Higher term found {:VOTE_REQUEST, %{candidateId: 4, lastLogIndex: 39, lastLogTerm: 2, term: 30}}
00:08:12.984031: 30_FOLLOWER@0: give will: {:VOTE_REQUEST, %{candidateId: 4, lastLogIndex: 39, lastLogTerm: 2, term: 30}}
00:08:13.168551: 31_CANDIDATE@4: vote request from 4, true,  -> 4
00:08:13.169208: 30_FOLLOWER@0: Higher term found {:VOTE_REQUEST, %{candidateId: 4, lastLogIndex: 39, lastLogTerm: 2, term: 31}}
00:08:13.169899: 31_FOLLOWER@0: give will: {:VOTE_REQUEST, %{candidateId: 4, lastLogIndex: 39, lastLogTerm: 2, term: 31}}
00:08:13.296967: 32_CANDIDATE@0: vote request from 0, true,  -> 0
00:08:13.297777: 31_CANDIDATE@4: Higher term found {:VOTE_REQUEST, %{candidateId: 0, lastLogIndex: 40, lastLogTerm: 4, term: 32}}
00:08:13.298507: 32_FOLLOWER@4: give will: {:VOTE_REQUEST, %{candidateId: 0, lastLogIndex: 40, lastLogTerm: 4, term: 32}}
00:08:13.299118: 32_FOLLOWER@4: vote request from 0, true,  -> 0
00:08:13.401420: 33_CANDIDATE@4: vote request from 4, true,  -> 4
00:08:13.401635: 32_CANDIDATE@0: Higher term found {:VOTE_REQUEST, %{candidateId: 4, lastLogIndex: 39, lastLogTerm: 2, term: 33}}
00:08:13.401747: 33_FOLLOWER@0: give will: {:VOTE_REQUEST, %{candidateId: 4, lastLogIndex: 39, lastLogTerm: 2, term: 33}}
Exiting raft_04_jc5616@127.0.0.1
